Log file open, 03/12/22 15:03:08
LogWindows: Failed to load 'aqProf.dll' (GetLastError=126)
LogWindows: File 'aqProf.dll' does not exist
LogWindows: Failed to load 'VtuneApi.dll' (GetLastError=126)
LogWindows: File 'VtuneApi.dll' does not exist
LogWindows: Failed to load 'VtuneApi32e.dll' (GetLastError=126)
LogWindows: File 'VtuneApi32e.dll' does not exist
LogConsoleResponse: Display: Failed to find resolution value strings in scalability ini. Falling back to default.
LogConsoleResponse: Display: Failed to find resolution value strings in scalability ini. Falling back to default.
LogInit: Display: Running engine for game: MyProject
LogPlatformFile: Not using cached read wrapper
LogTaskGraph: Started task graph with 5 named threads and 35 total threads with 3 sets of task threads.
LogStats: Stats thread started at 5.215480
LogICUInternationalization: ICU TimeZone Detection - Raw Offset: -6:00, Platform Override: ''
LogInit: Display: Loading text-based GConfig....
LogPluginManager: Mounting plugin MeshPainting
LogPluginManager: Mounting plugin XGEController
LogPluginManager: Mounting plugin Paper2D
LogPluginManager: Mounting plugin LiveLink
LogPluginManager: Mounting plugin LightPropagationVolume
LogPluginManager: Mounting plugin AISupport
LogPluginManager: Mounting plugin EnvironmentQueryEditor
LogPluginManager: Mounting plugin OodleData
LogPluginManager: Mounting plugin OodleNetwork
LogPluginManager: Mounting plugin AlembicImporter
LogPluginManager: Mounting plugin AutomationUtils
LogPluginManager: Mounting plugin BackChannel
LogPluginManager: Mounting plugin ChaosEditor
LogPluginManager: Mounting plugin ChaosCloth
LogPluginManager: Mounting plugin ChaosClothEditor
LogPluginManager: Mounting plugin ChaosNiagara
LogPluginManager: Mounting plugin ChaosSolverPlugin
LogPluginManager: Mounting plugin CharacterAI
LogPluginManager: Mounting plugin GeometryCache
LogPluginManager: Mounting plugin GeometryCollectionPlugin
LogPluginManager: Mounting plugin GeometryProcessing
LogPluginManager: Mounting plugin MotoSynth
LogPluginManager: Mounting plugin OpenImageDenoise
LogPluginManager: Mounting plugin AnimationSharing
LogPluginManager: Mounting plugin PlanarCut
LogPluginManager: Mounting plugin PlatformCrypto
LogPluginManager: Mounting plugin ProxyLODPlugin
LogPluginManager: Mounting plugin PythonScriptPlugin
LogPluginManager: Mounting plugin CLionSourceCodeAccess
LogPluginManager: Mounting plugin SkeletalReduction
LogPluginManager: Mounting plugin CodeLiteSourceCodeAccess
LogPluginManager: Mounting plugin GitSourceControl
LogPluginManager: Mounting plugin NullSourceCodeAccess
LogPluginManager: Mounting plugin KDevelopSourceCodeAccess
LogPluginManager: Mounting plugin PerforceSourceControl
LogPluginManager: Mounting plugin PixWinPlugin
LogPluginManager: Mounting plugin PlasticSourceControl
LogPluginManager: Mounting plugin PropertyAccessNode
LogPluginManager: Mounting plugin PluginUtils
LogPluginManager: Mounting plugin RiderSourceCodeAccess
LogPluginManager: Mounting plugin SubversionSourceControl
LogPluginManager: Mounting plugin TextureFormatOodle
LogPluginManager: Mounting plugin AssetManagerEditor
LogPluginManager: Mounting plugin VisualStudioSourceCodeAccess
LogPluginManager: Mounting plugin XCodeSourceCodeAccess
LogPluginManager: Mounting plugin UObjectPlugin
LogPluginManager: Mounting plugin VisualStudioCodeSourceCodeAccess
LogPluginManager: Mounting plugin Niagara
LogPluginManager: Mounting plugin CryptoKeys
LogPluginManager: Mounting plugin CurveEditorTools
LogPluginManager: Mounting plugin GeometryMode
LogPluginManager: Mounting plugin DataValidation
LogPluginManager: Mounting plugin GameplayTagsEditor
LogPluginManager: Mounting plugin FacialAnimation
LogPluginManager: Mounting plugin MacGraphicsSwitching
LogPluginManager: Mounting plugin MaterialAnalyzer
LogPluginManager: Mounting plugin PluginBrowser
LogPluginManager: Mounting plugin MobileLauncherProfileWizard
LogPluginManager: Mounting plugin SpeedTreeImporter
LogPluginManager: Mounting plugin DatasmithContent
LogPluginManager: Mounting plugin LuminPlatformFeatures
LogPluginManager: Mounting plugin MagicLeap
LogPluginManager: Mounting plugin AndroidMedia
LogPluginManager: Mounting plugin AvfMedia
LogPluginManager: Mounting plugin ImgMedia
LogPluginManager: Mounting plugin MediaCompositing
LogPluginManager: Mounting plugin MagicLeapLightEstimation
LogPluginManager: Mounting plugin MagicLeapMedia
LogPluginManager: Mounting plugin MediaPlayerEditor
LogPluginManager: Mounting plugin MagicLeapPassableWorld
LogPluginManager: Mounting plugin WebMMedia
LogPluginManager: Mounting plugin WmfMedia
LogPluginManager: Mounting plugin MLSDK
LogPluginManager: Mounting plugin VariantManagerContent
LogPluginManager: Mounting plugin TcpMessaging
LogPluginManager: Mounting plugin UdpMessaging
LogPluginManager: Mounting plugin ActorSequence
LogPluginManager: Mounting plugin LevelSequenceEditor
LogPluginManager: Mounting plugin MatineeToLevelSequence
LogPluginManager: Mounting plugin TemplateSequence
LogPluginManager: Mounting plugin OnlineSubsystem
LogPluginManager: Mounting plugin OnlineSubsystemNull
LogPluginManager: Mounting plugin OnlineSubsystemUtils
LogPluginManager: Mounting plugin ActorLayerUtilities
LogPluginManager: Mounting plugin AndroidDeviceProfileSelector
LogPluginManager: Mounting plugin AndroidMoviePlayer
LogPluginManager: Mounting plugin AndroidPermission
LogPluginManager: Mounting plugin AppleImageUtils
LogPluginManager: Mounting plugin AppleMoviePlayer
LogPluginManager: Mounting plugin ArchVisCharacter
LogPluginManager: Mounting plugin AssetTags
LogPluginManager: Mounting plugin AudioCapture
LogPluginManager: Mounting plugin CableComponent
LogPluginManager: Mounting plugin ChunkDownloader
LogPluginManager: Mounting plugin AudioSynesthesia
LogPluginManager: Mounting plugin CustomMeshComponent
LogPluginManager: Mounting plugin EditableMesh
LogPluginManager: Mounting plugin ExampleDeviceProfileSelector
LogPluginManager: Mounting plugin GoogleCloudMessaging
LogPluginManager: Mounting plugin GooglePAD
LogPluginManager: Mounting plugin IOSDeviceProfileSelector
LogPluginManager: Mounting plugin LinuxDeviceProfileSelector
LogPluginManager: Mounting plugin LocationServicesBPLibrary
LogPluginManager: Mounting plugin MobilePatchingUtils
LogPluginManager: Mounting plugin OpenXR
LogPluginManager: Mounting plugin OpenXREyeTracker
LogPluginManager: Mounting plugin OpenXRHandTracking
LogPluginManager: Mounting plugin PhysXVehicles
LogPluginManager: Mounting plugin PostSplashScreen
LogPluginManager: Mounting plugin ProceduralMeshComponent
LogPluginManager: Mounting plugin PropertyAccessEditor
LogPluginManager: Mounting plugin RuntimePhysXCooking
LogPluginManager: Mounting plugin SoundFields
LogPluginManager: Mounting plugin SignificanceManager
LogPluginManager: Mounting plugin LauncherChunkInstaller
LogPluginManager: Mounting plugin Synthesis
LogPluginManager: Mounting plugin WebMMoviePlayer
LogPluginManager: Mounting plugin WindowsMoviePlayer
LogPluginManager: Mounting plugin ScreenshotTools
LogPluginManager: Mounting plugin CameraShakePreviewer
LogPluginManager: Mounting plugin GameplayCameras
LogPluginManager: Mounting plugin Takes
LogPluginManager: Mounting plugin ContentBrowserClassDataSource
LogPluginManager: Mounting plugin ContentBrowserAssetDataSource
LogPluginManager: Mounting plugin ContentBrowserFileDataSource
LogPluginManager: Mounting plugin OnlineSubsystemGooglePlay
LogPluginManager: Mounting plugin OnlineSubsystemIOS
LogPluginManager: Mounting plugin OculusVR
LogPluginManager: Mounting plugin SteamVR
PixWinPlugin: PIX capture plugin failed to initialize! Check that the process is launched from PIX.
LogInit: Using libcurl 7.55.1-DEV
LogInit:  - built for x86_64-pc-win32
LogInit:  - supports SSL with OpenSSL/1.1.1
LogInit:  - supports HTTP deflate (compression) using libz 1.2.8
LogInit:  - other features:
LogInit:      CURL_VERSION_SSL
LogInit:      CURL_VERSION_LIBZ
LogInit:      CURL_VERSION_IPV6
LogInit:      CURL_VERSION_ASYNCHDNS
LogInit:      CURL_VERSION_LARGEFILE
LogInit:      CURL_VERSION_IDN
LogInit:  CurlRequestOptions (configurable via config and command line):
LogInit:  - bVerifyPeer = true  - Libcurl will verify peer certificate
LogInit:  - bUseHttpProxy = false  - Libcurl will NOT use HTTP proxy
LogInit:  - bDontReuseConnections = false  - Libcurl will reuse connections
LogInit:  - MaxHostConnections = 16  - Libcurl will limit the number of connections to a host
LogInit:  - LocalHostAddr = Default
LogInit:  - BufferSize = 65536
LogOnline: OSS: Creating online subsystem instance for: NULL
LogInit: WinSock: version 1.1 (2.2), MaxSocks=32767, MaxUdp=65467
LogOnline: OSS: TryLoadSubsystemAndSetDefault: Loaded subsystem for module [NULL]
LogOculusPluginWrapper: OculusPlugin initialized successfully
LogHMD: Failed initializing OVRPlugin 1.59.0
LogInit: Build: ++UE4+Release-4.27-CL-18319896
LogInit: Engine Version: 4.27.2-18319896+++UE4+Release-4.27
LogInit: Compatible Engine Version: 4.27.0-17155196+++UE4+Release-4.27
LogInit: Net CL: 17155196
LogInit: OS: Windows 10 (Release 2009) (), CPU: AMD Ryzen 5 1600 Six-Core Processor            , GPU: NVIDIA GeForce GTX 1060 6GB
LogInit: Compiled (64-bit): Nov 30 2021 07:12:08
LogInit: Compiled with Visual C++: 19.24.28315.00
LogInit: Build Configuration: Development
LogInit: Branch Name: ++UE4+Release-4.27
LogInit: Command Line: 
LogInit: Base Directory: D:/Epic Games/Unreal/UE_4.27/Engine/Binaries/Win64/
LogInit: Allocator: TBB
LogInit: Installed Engine Build: 1
LogDevObjectVersion: Number of dev versions registered: 29
LogDevObjectVersion:   Dev-Blueprints (B0D832E4-1F89-4F0D-ACCF-7EB736FD4AA2): 10
LogDevObjectVersion:   Dev-Build (E1C64328-A22C-4D53-A36C-8E866417BD8C): 0
LogDevObjectVersion:   Dev-Core (375EC13C-06E4-48FB-B500-84F0262A717E): 4
LogDevObjectVersion:   Dev-Editor (E4B068ED-F494-42E9-A231-DA0B2E46BB41): 40
LogDevObjectVersion:   Dev-Framework (CFFC743F-43B0-4480-9391-14DF171D2073): 37
LogDevObjectVersion:   Dev-Mobile (B02B49B5-BB20-44E9-A304-32B752E40360): 3
LogDevObjectVersion:   Dev-Networking (A4E4105C-59A1-49B5-A7C5-40C4547EDFEE): 0
LogDevObjectVersion:   Dev-Online (39C831C9-5AE6-47DC-9A44-9C173E1C8E7C): 0
LogDevObjectVersion:   Dev-Physics (78F01B33-EBEA-4F98-B9B4-84EACCB95AA2): 14
LogDevObjectVersion:   Dev-Platform (6631380F-2D4D-43E0-8009-CF276956A95A): 0
LogDevObjectVersion:   Dev-Rendering (12F88B9F-8875-4AFC-A67C-D90C383ABD29): 45
LogDevObjectVersion:   Dev-Sequencer (7B5AE74C-D270-4C10-A958-57980B212A5A): 13
LogDevObjectVersion:   Dev-VR (D7296918-1DD6-4BDD-9DE2-64A83CC13884): 3
LogDevObjectVersion:   Dev-LoadTimes (C2A15278-BFE7-4AFE-6C17-90FF531DF755): 1
LogDevObjectVersion:   Private-Geometry (6EACA3D4-40EC-4CC1-B786-8BED09428FC5): 3
LogDevObjectVersion:   Dev-AnimPhys (29E575DD-E0A3-4627-9D10-D276232CDCEA): 17
LogDevObjectVersion:   Dev-Anim (AF43A65D-7FD3-4947-9873-3E8ED9C1BB05): 15
LogDevObjectVersion:   Dev-ReflectionCapture (6B266CEC-1EC7-4B8F-A30B-E4D90942FC07): 1
LogDevObjectVersion:   Dev-Automation (0DF73D61-A23F-47EA-B727-89E90C41499A): 1
LogDevObjectVersion:   FortniteMain (601D1886-AC64-4F84-AA16-D3DE0DEAC7D6): 47
LogDevObjectVersion:   FortniteRelease (E7086368-6B23-4C58-8439-1B7016265E91): 1
LogDevObjectVersion:   Dev-Enterprise (9DFFBCD6-494F-0158-E221-12823C92A888): 10
LogDevObjectVersion:   Dev-Niagara (F2AED0AC-9AFE-416F-8664-AA7FFA26D6FC): 1
LogDevObjectVersion:   Dev-Destruction (174F1F0B-B4C6-45A5-B13F-2EE8D0FB917D): 10
LogDevObjectVersion:   Dev-Physics-Ext (35F94A83-E258-406C-A318-09F59610247C): 41
LogDevObjectVersion:   Dev-PhysicsMaterial-Chaos (B68FC16E-8B1B-42E2-B453-215C058844FE): 1
LogDevObjectVersion:   Dev-CineCamera (B2E18506-4273-CFC2-A54E-F4BB758BBA07): 1
LogDevObjectVersion:   Dev-VirtualProduction (64F58936-FD1B-42BA-BA96-7289D5D0FA4E): 1
LogDevObjectVersion:   Dev-MediaFramework (6F0ED827-A609-4895-9C91-998D90180EA4): 2
LogInit: Presizing for max 25165824 objects, including 0 objects not considered by GC, pre-allocating 0 bytes for permanent pool.
LogConfig: Applying CVar settings from Section [/Script/Engine.StreamingSettings] File [D:/Facultad/9no Semestre/Diseño de Videojuegos en linea/GitHub/DisviliScene/MyProject/Saved/Config/Windows/Engine.ini]
LogConfig: Setting CVar [[s.MinBulkDataSizeForAsyncLoading:131072]]
LogConfig: Setting CVar [[s.AsyncLoadingThreadEnabled:0]]
LogConfig: Setting CVar [[s.EventDrivenLoaderEnabled:1]]
LogConfig: Setting CVar [[s.WarnIfTimeLimitExceeded:0]]
LogConfig: Setting CVar [[s.TimeLimitExceededMultiplier:1.5]]
LogConfig: Setting CVar [[s.TimeLimitExceededMinTime:0.005]]
LogConfig: Setting CVar [[s.UseBackgroundLevelStreaming:1]]
LogConfig: Setting CVar [[s.PriorityAsyncLoadingExtraTime:15.0]]
LogConfig: Setting CVar [[s.LevelStreamingActorsUpdateTimeLimit:5.0]]
LogConfig: Setting CVar [[s.PriorityLevelStreamingActorsUpdateExtraTime:5.0]]
LogConfig: Setting CVar [[s.LevelStreamingComponentsRegistrationGranularity:10]]
LogConfig: Setting CVar [[s.UnregisterComponentsTimeLimit:1.0]]
LogConfig: Setting CVar [[s.LevelStreamingComponentsUnregistrationGranularity:5]]
LogConfig: Setting CVar [[s.FlushStreamingOnExit:1]]
LogInit: Object subsystem initialized
LogConfig: Setting CVar [[con.DebugEarlyDefault:1]]
LogConfig: Setting CVar [[r.setres:1280x720]]
[2022.03.12-21.03.16:581][  0]LogConfig: Setting CVar [[r.VSync:0]]
[2022.03.12-21.03.16:581][  0]LogConfig: Setting CVar [[r.RHICmdBypass:0]]
[2022.03.12-21.03.16:581][  0]LogConfig: Applying CVar settings from Section [/Script/Engine.RendererSettings] File [D:/Facultad/9no Semestre/Diseño de Videojuegos en linea/GitHub/DisviliScene/MyProject/Saved/Config/Windows/Engine.ini]
[2022.03.12-21.03.16:581][  0]LogConfig: Setting CVar [[r.GPUCrashDebugging:0]]
[2022.03.12-21.03.16:581][  0]LogConfig: Applying CVar settings from Section [/Script/Engine.RendererOverrideSettings] File [D:/Facultad/9no Semestre/Diseño de Videojuegos en linea/GitHub/DisviliScene/MyProject/Saved/Config/Windows/Engine.ini]
[2022.03.12-21.03.16:581][  0]LogConfig: Applying CVar settings from Section [/Script/Engine.StreamingSettings] File [D:/Facultad/9no Semestre/Diseño de Videojuegos en linea/GitHub/DisviliScene/MyProject/Saved/Config/Windows/Engine.ini]
[2022.03.12-21.03.16:581][  0]LogConfig: Setting CVar [[s.MinBulkDataSizeForAsyncLoading:131072]]
[2022.03.12-21.03.16:581][  0]LogConfig: Setting CVar [[s.AsyncLoadingThreadEnabled:0]]
[2022.03.12-21.03.16:581][  0]LogConfig: Setting CVar [[s.EventDrivenLoaderEnabled:1]]
[2022.03.12-21.03.16:581][  0]LogConfig: Setting CVar [[s.WarnIfTimeLimitExceeded:0]]
[2022.03.12-21.03.16:581][  0]LogConfig: Setting CVar [[s.TimeLimitExceededMultiplier:1.5]]
[2022.03.12-21.03.16:581][  0]LogConfig: Setting CVar [[s.TimeLimitExceededMinTime:0.005]]
[2022.03.12-21.03.16:581][  0]LogConfig: Setting CVar [[s.UseBackgroundLevelStreaming:1]]
[2022.03.12-21.03.16:581][  0]LogConfig: Setting CVar [[s.PriorityAsyncLoadingExtraTime:15.0]]
[2022.03.12-21.03.16:581][  0]LogConfig: Setting CVar [[s.LevelStreamingActorsUpdateTimeLimit:5.0]]
[2022.03.12-21.03.16:581][  0]LogConfig: Setting CVar [[s.PriorityLevelStreamingActorsUpdateExtraTime:5.0]]
[2022.03.12-21.03.16:581][  0]LogConfig: Setting CVar [[s.LevelStreamingComponentsRegistrationGranularity:10]]
[2022.03.12-21.03.16:581][  0]LogConfig: Setting CVar [[s.UnregisterComponentsTimeLimit:1.0]]
[2022.03.12-21.03.16:581][  0]LogConfig: Setting CVar [[s.LevelStreamingComponentsUnregistrationGranularity:5]]
[2022.03.12-21.03.16:581][  0]LogConfig: Setting CVar [[s.FlushStreamingOnExit:1]]
[2022.03.12-21.03.16:581][  0]LogConfig: Applying CVar settings from Section [/Script/Engine.GarbageCollectionSettings] File [D:/Facultad/9no Semestre/Diseño de Videojuegos en linea/GitHub/DisviliScene/MyProject/Saved/Config/Windows/Engine.ini]
[2022.03.12-21.03.16:582][  0]LogConfig: Setting CVar [[gc.MaxObjectsNotConsideredByGC:1]]
[2022.03.12-21.03.16:582][  0]LogConfig: Setting CVar [[gc.SizeOfPermanentObjectPool:0]]
[2022.03.12-21.03.16:582][  0]LogConfig: Setting CVar [[gc.FlushStreamingOnGC:0]]
[2022.03.12-21.03.16:582][  0]LogConfig: Setting CVar [[gc.NumRetriesBeforeForcingGC:10]]
[2022.03.12-21.03.16:582][  0]LogConfig: Setting CVar [[gc.AllowParallelGC:1]]
[2022.03.12-21.03.16:582][  0]LogConfig: Setting CVar [[gc.TimeBetweenPurgingPendingKillObjects:61.1]]
[2022.03.12-21.03.16:582][  0]LogConfig: Setting CVar [[gc.MaxObjectsInEditor:25165824]]
[2022.03.12-21.03.16:582][  0]LogConfig: Setting CVar [[gc.IncrementalBeginDestroyEnabled:1]]
[2022.03.12-21.03.16:582][  0]LogConfig: Setting CVar [[gc.CreateGCClusters:1]]
[2022.03.12-21.03.16:582][  0]LogConfig: Setting CVar [[gc.MinGCClusterSize:5]]
[2022.03.12-21.03.16:582][  0]LogConfig: Setting CVar [[gc.ActorClusteringEnabled:0]]
[2022.03.12-21.03.16:582][  0]LogConfig: Setting CVar [[gc.BlueprintClusteringEnabled:0]]
[2022.03.12-21.03.16:582][  0]LogConfig: Setting CVar [[gc.UseDisregardForGCOnDedicatedServers:0]]
[2022.03.12-21.03.16:582][  0]LogConfig: Setting CVar [[gc.MultithreadedDestructionEnabled:1]]
[2022.03.12-21.03.16:582][  0]LogConfig: Applying CVar settings from Section [/Script/Engine.NetworkSettings] File [D:/Facultad/9no Semestre/Diseño de Videojuegos en linea/GitHub/DisviliScene/MyProject/Saved/Config/Windows/Engine.ini]
[2022.03.12-21.03.16:582][  0]LogConfig: Applying CVar settings from Section [/Script/UnrealEd.CookerSettings] File [D:/Facultad/9no Semestre/Diseño de Videojuegos en linea/GitHub/DisviliScene/MyProject/Saved/Config/Windows/Engine.ini]
[2022.03.12-21.03.16:675][  0]LogConfig: Applying CVar settings from Section [ViewDistanceQuality@3] File [D:/Facultad/9no Semestre/Diseño de Videojuegos en linea/GitHub/DisviliScene/MyProject/Saved/Config/Windows/Scalability.ini]
[2022.03.12-21.03.16:675][  0]LogConfig: Setting CVar [[r.SkeletalMeshLODBias:0]]
[2022.03.12-21.03.16:675][  0]LogConfig: Setting CVar [[r.ViewDistanceScale:1.0]]
[2022.03.12-21.03.16:675][  0]LogConfig: Applying CVar settings from Section [AntiAliasingQuality@3] File [D:/Facultad/9no Semestre/Diseño de Videojuegos en linea/GitHub/DisviliScene/MyProject/Saved/Config/Windows/Scalability.ini]
[2022.03.12-21.03.16:675][  0]LogConfig: Setting CVar [[r.PostProcessAAQuality:4]]
[2022.03.12-21.03.16:675][  0]LogConfig: Applying CVar settings from Section [ShadowQuality@3] File [D:/Facultad/9no Semestre/Diseño de Videojuegos en linea/GitHub/DisviliScene/MyProject/Saved/Config/Windows/Scalability.ini]
[2022.03.12-21.03.16:675][  0]LogConfig: Setting CVar [[r.LightFunctionQuality:1]]
[2022.03.12-21.03.16:675][  0]LogConfig: Setting CVar [[r.ShadowQuality:5]]
[2022.03.12-21.03.16:675][  0]LogConfig: Setting CVar [[r.Shadow.CSM.MaxCascades:10]]
[2022.03.12-21.03.16:675][  0]LogConfig: Setting CVar [[r.Shadow.MaxResolution:2048]]
[2022.03.12-21.03.16:675][  0]LogConfig: Setting CVar [[r.Shadow.MaxCSMResolution:2048]]
[2022.03.12-21.03.16:675][  0]LogConfig: Setting CVar [[r.Shadow.RadiusThreshold:0.01]]
[2022.03.12-21.03.16:675][  0]LogConfig: Setting CVar [[r.Shadow.DistanceScale:1.0]]
[2022.03.12-21.03.16:675][  0]LogConfig: Setting CVar [[r.Shadow.CSM.TransitionScale:1.0]]
[2022.03.12-21.03.16:675][  0]LogConfig: Setting CVar [[r.Shadow.PreShadowResolutionFactor:1.0]]
[2022.03.12-21.03.16:675][  0]LogConfig: Setting CVar [[r.DistanceFieldShadowing:1]]
[2022.03.12-21.03.16:675][  0]LogConfig: Setting CVar [[r.DistanceFieldAO:1]]
[2022.03.12-21.03.16:675][  0]LogConfig: Setting CVar [[r.AOQuality:2]]
[2022.03.12-21.03.16:675][  0]LogConfig: Setting CVar [[r.VolumetricFog:1]]
[2022.03.12-21.03.16:675][  0]LogConfig: Setting CVar [[r.VolumetricFog.GridPixelSize:8]]
[2022.03.12-21.03.16:675][  0]LogConfig: Setting CVar [[r.VolumetricFog.GridSizeZ:128]]
[2022.03.12-21.03.16:675][  0]LogConfig: Setting CVar [[r.VolumetricFog.HistoryMissSupersampleCount:4]]
[2022.03.12-21.03.16:675][  0]LogConfig: Setting CVar [[r.LightMaxDrawDistanceScale:1]]
[2022.03.12-21.03.16:675][  0]LogConfig: Setting CVar [[r.CapsuleShadows:1]]
[2022.03.12-21.03.16:675][  0]LogConfig: Applying CVar settings from Section [PostProcessQuality@3] File [D:/Facultad/9no Semestre/Diseño de Videojuegos en linea/GitHub/DisviliScene/MyProject/Saved/Config/Windows/Scalability.ini]
[2022.03.12-21.03.16:675][  0]LogConfig: Setting CVar [[r.MotionBlurQuality:4]]
[2022.03.12-21.03.16:675][  0]LogConfig: Setting CVar [[r.AmbientOcclusionMipLevelFactor:0.4]]
[2022.03.12-21.03.16:675][  0]LogConfig: Setting CVar [[r.AmbientOcclusionMaxQuality:100]]
[2022.03.12-21.03.16:675][  0]LogConfig: Setting CVar [[r.AmbientOcclusionLevels:-1]]
[2022.03.12-21.03.16:676][  0]LogConfig: Setting CVar [[r.AmbientOcclusionRadiusScale:1.0]]
[2022.03.12-21.03.16:676][  0]LogConfig: Setting CVar [[r.DepthOfFieldQuality:2]]
[2022.03.12-21.03.16:676][  0]LogConfig: Setting CVar [[r.RenderTargetPoolMin:400]]
[2022.03.12-21.03.16:676][  0]LogConfig: Setting CVar [[r.LensFlareQuality:2]]
[2022.03.12-21.03.16:676][  0]LogConfig: Setting CVar [[r.SceneColorFringeQuality:1]]
[2022.03.12-21.03.16:676][  0]LogConfig: Setting CVar [[r.EyeAdaptationQuality:2]]
[2022.03.12-21.03.16:676][  0]LogConfig: Setting CVar [[r.BloomQuality:5]]
[2022.03.12-21.03.16:676][  0]LogConfig: Setting CVar [[r.FastBlurThreshold:100]]
[2022.03.12-21.03.16:676][  0]LogConfig: Setting CVar [[r.Upscale.Quality:3]]
[2022.03.12-21.03.16:676][  0]LogConfig: Setting CVar [[r.Tonemapper.GrainQuantization:1]]
[2022.03.12-21.03.16:676][  0]LogConfig: Setting CVar [[r.LightShaftQuality:1]]
[2022.03.12-21.03.16:676][  0]LogConfig: Setting CVar [[r.Filter.SizeScale:1]]
[2022.03.12-21.03.16:676][  0]LogConfig: Setting CVar [[r.Tonemapper.Quality:5]]
[2022.03.12-21.03.16:676][  0]LogConfig: Setting CVar [[r.DOF.Gather.AccumulatorQuality:1        ; higher gathering accumulator quality]]
[2022.03.12-21.03.16:676][  0]LogConfig: Setting CVar [[r.DOF.Gather.PostfilterMethod:1          ; Median3x3 postfilering method]]
[2022.03.12-21.03.16:676][  0]LogConfig: Setting CVar [[r.DOF.Gather.EnableBokehSettings:0       ; no bokeh simulation when gathering]]
[2022.03.12-21.03.16:676][  0]LogConfig: Setting CVar [[r.DOF.Gather.RingCount:4                 ; medium number of samples when gathering]]
[2022.03.12-21.03.16:676][  0]LogConfig: Setting CVar [[r.DOF.Scatter.ForegroundCompositing:1    ; additive foreground scattering]]
[2022.03.12-21.03.16:676][  0]LogConfig: Setting CVar [[r.DOF.Scatter.BackgroundCompositing:2    ; additive background scattering]]
[2022.03.12-21.03.16:676][  0]LogConfig: Setting CVar [[r.DOF.Scatter.EnableBokehSettings:1      ; bokeh simulation when scattering]]
[2022.03.12-21.03.16:676][  0]LogConfig: Setting CVar [[r.DOF.Scatter.MaxSpriteRatio:0.1         ; only a maximum of 10% of scattered bokeh]]
[2022.03.12-21.03.16:676][  0]LogConfig: Setting CVar [[r.DOF.Recombine.Quality:1                ; cheap slight out of focus]]
[2022.03.12-21.03.16:676][  0]LogConfig: Setting CVar [[r.DOF.Recombine.EnableBokehSettings:0    ; no bokeh simulation on slight out of focus]]
[2022.03.12-21.03.16:676][  0]LogConfig: Setting CVar [[r.DOF.TemporalAAQuality:1                ; more stable temporal accumulation]]
[2022.03.12-21.03.16:676][  0]LogConfig: Setting CVar [[r.DOF.Kernel.MaxForegroundRadius:0.025]]
[2022.03.12-21.03.16:676][  0]LogConfig: Setting CVar [[r.DOF.Kernel.MaxBackgroundRadius:0.025]]
[2022.03.12-21.03.16:676][  0]LogConfig: Applying CVar settings from Section [TextureQuality@3] File [D:/Facultad/9no Semestre/Diseño de Videojuegos en linea/GitHub/DisviliScene/MyProject/Saved/Config/Windows/Scalability.ini]
[2022.03.12-21.03.16:676][  0]LogConfig: Setting CVar [[r.Streaming.MipBias:0]]
[2022.03.12-21.03.16:676][  0]LogConfig: Setting CVar [[r.Streaming.AmortizeCPUToGPUCopy:0]]
[2022.03.12-21.03.16:676][  0]LogConfig: Setting CVar [[r.Streaming.MaxNumTexturesToStreamPerFrame:0]]
[2022.03.12-21.03.16:676][  0]LogConfig: Setting CVar [[r.Streaming.Boost:1]]
[2022.03.12-21.03.16:676][  0]LogConfig: Setting CVar [[r.MaxAnisotropy:8]]
[2022.03.12-21.03.16:676][  0]LogConfig: Setting CVar [[r.VT.MaxAnisotropy:8]]
[2022.03.12-21.03.16:676][  0]LogConfig: Setting CVar [[r.Streaming.LimitPoolSizeToVRAM:0]]
[2022.03.12-21.03.16:676][  0]LogConfig: Setting CVar [[r.Streaming.PoolSize:1000]]
[2022.03.12-21.03.16:676][  0]LogConfig: Setting CVar [[r.Streaming.MaxEffectiveScreenSize:0]]
[2022.03.12-21.03.16:676][  0]LogConfig: Applying CVar settings from Section [EffectsQuality@3] File [D:/Facultad/9no Semestre/Diseño de Videojuegos en linea/GitHub/DisviliScene/MyProject/Saved/Config/Windows/Scalability.ini]
[2022.03.12-21.03.16:676][  0]LogConfig: Setting CVar [[r.TranslucencyLightingVolumeDim:64]]
[2022.03.12-21.03.16:676][  0]LogConfig: Setting CVar [[r.RefractionQuality:2]]
[2022.03.12-21.03.16:676][  0]LogConfig: Setting CVar [[r.SSR.Quality:3]]
[2022.03.12-21.03.16:676][  0]LogConfig: Setting CVar [[r.SSR.HalfResSceneColor:0]]
[2022.03.12-21.03.16:676][  0]LogConfig: Setting CVar [[r.SceneColorFormat:4]]
[2022.03.12-21.03.16:676][  0]LogConfig: Setting CVar [[r.DetailMode:2]]
[2022.03.12-21.03.16:676][  0]LogConfig: Setting CVar [[r.TranslucencyVolumeBlur:1]]
[2022.03.12-21.03.16:676][  0]LogConfig: Setting CVar [[r.MaterialQualityLevel:1 ; High quality]]
[2022.03.12-21.03.16:676][  0]LogConfig: Setting CVar [[r.AnisotropicMaterials:1]]
[2022.03.12-21.03.16:676][  0]LogConfig: Setting CVar [[r.SSS.Scale:1]]
[2022.03.12-21.03.16:676][  0]LogConfig: Setting CVar [[r.SSS.SampleSet:2]]
[2022.03.12-21.03.16:676][  0]LogConfig: Setting CVar [[r.SSS.Quality:1]]
[2022.03.12-21.03.16:676][  0]LogConfig: Setting CVar [[r.SSS.HalfRes:0]]
[2022.03.12-21.03.16:676][  0]LogConfig: Setting CVar [[r.SSGI.Quality:3]]
[2022.03.12-21.03.16:676][  0]LogConfig: Setting CVar [[r.EmitterSpawnRateScale:1.0]]
[2022.03.12-21.03.16:676][  0]LogConfig: Setting CVar [[r.ParticleLightQuality:2]]
[2022.03.12-21.03.16:676][  0]LogConfig: Setting CVar [[r.SkyAtmosphere.AerialPerspectiveLUT.FastApplyOnOpaque:1 ; Always have FastSkyLUT 1 in this case to avoid wrong sky]]
[2022.03.12-21.03.16:676][  0]LogConfig: Setting CVar [[r.SkyAtmosphere.AerialPerspectiveLUT.SampleCountMaxPerSlice:4]]
[2022.03.12-21.03.16:676][  0]LogConfig: Setting CVar [[r.SkyAtmosphere.AerialPerspectiveLUT.DepthResolution:16.0]]
[2022.03.12-21.03.16:676][  0]LogConfig: Setting CVar [[r.SkyAtmosphere.FastSkyLUT:1]]
[2022.03.12-21.03.16:676][  0]LogConfig: Setting CVar [[r.SkyAtmosphere.FastSkyLUT.SampleCountMin:4.0]]
[2022.03.12-21.03.16:676][  0]LogConfig: Setting CVar [[r.SkyAtmosphere.FastSkyLUT.SampleCountMax:128.0]]
[2022.03.12-21.03.16:676][  0]LogConfig: Setting CVar [[r.SkyAtmosphere.SampleCountMin:4.0]]
[2022.03.12-21.03.16:676][  0]LogConfig: Setting CVar [[r.SkyAtmosphere.SampleCountMax:128.0]]
[2022.03.12-21.03.16:676][  0]LogConfig: Setting CVar [[r.SkyAtmosphere.TransmittanceLUT.UseSmallFormat:0]]
[2022.03.12-21.03.16:676][  0]LogConfig: Setting CVar [[r.SkyAtmosphere.TransmittanceLUT.SampleCount:10.0]]
[2022.03.12-21.03.16:676][  0]LogConfig: Setting CVar [[r.SkyAtmosphere.MultiScatteringLUT.SampleCount:15.0]]
[2022.03.12-21.03.16:676][  0]LogConfig: Setting CVar [[r.SkyLight.RealTimeReflectionCapture:1]]
[2022.03.12-21.03.16:676][  0]LogConfig: Applying CVar settings from Section [FoliageQuality@3] File [D:/Facultad/9no Semestre/Diseño de Videojuegos en linea/GitHub/DisviliScene/MyProject/Saved/Config/Windows/Scalability.ini]
[2022.03.12-21.03.16:676][  0]LogConfig: Setting CVar [[foliage.DensityScale:1.0]]
[2022.03.12-21.03.16:676][  0]LogConfig: Setting CVar [[grass.DensityScale:1.0]]
[2022.03.12-21.03.16:677][  0]LogConfig: Applying CVar settings from Section [ShadingQuality@3] File [D:/Facultad/9no Semestre/Diseño de Videojuegos en linea/GitHub/DisviliScene/MyProject/Saved/Config/Windows/Scalability.ini]
[2022.03.12-21.03.16:677][  0]LogConfig: Setting CVar [[r.HairStrands.SkyLighting.IntegrationType:2]]
[2022.03.12-21.03.16:677][  0]LogConfig: Setting CVar [[r.HairStrands.SkyAO.SampleCount:4]]
[2022.03.12-21.03.16:677][  0]LogConfig: Setting CVar [[r.HairStrands.Visibility.MSAA.SamplePerPixel:4]]
[2022.03.12-21.03.16:685][  0]LogInit: Selected Device Profile: [Windows]
[2022.03.12-21.03.16:692][  0]LogInit: Applying CVar settings loaded from the selected device profile: [Windows]
[2022.03.12-21.03.16:698][  0]LogHAL: Display: Platform has ~ 16 GB [17107218432 / 17179869184 / 16], which maps to Larger [LargestMinGB=32, LargerMinGB=12, DefaultMinGB=8, SmallerMinGB=6, SmallestMinGB=0)
[2022.03.12-21.03.16:698][  0]LogInit: Going up to parent DeviceProfile []
[2022.03.12-21.03.16:701][  0]LogConfig: Applying CVar settings from Section [ViewDistanceQuality@3] File [D:/Facultad/9no Semestre/Diseño de Videojuegos en linea/GitHub/DisviliScene/MyProject/Saved/Config/Windows/Scalability.ini]
[2022.03.12-21.03.16:701][  0]LogConfig: Setting CVar [[r.SkeletalMeshLODBias:0]]
[2022.03.12-21.03.16:701][  0]LogConfig: Setting CVar [[r.ViewDistanceScale:1.0]]
[2022.03.12-21.03.16:701][  0]LogConfig: Applying CVar settings from Section [AntiAliasingQuality@3] File [D:/Facultad/9no Semestre/Diseño de Videojuegos en linea/GitHub/DisviliScene/MyProject/Saved/Config/Windows/Scalability.ini]
[2022.03.12-21.03.16:701][  0]LogConfig: Setting CVar [[r.PostProcessAAQuality:4]]
[2022.03.12-21.03.16:701][  0]LogConfig: Applying CVar settings from Section [ShadowQuality@3] File [D:/Facultad/9no Semestre/Diseño de Videojuegos en linea/GitHub/DisviliScene/MyProject/Saved/Config/Windows/Scalability.ini]
[2022.03.12-21.03.16:701][  0]LogConfig: Setting CVar [[r.LightFunctionQuality:1]]
[2022.03.12-21.03.16:701][  0]LogConfig: Setting CVar [[r.ShadowQuality:5]]
[2022.03.12-21.03.16:701][  0]LogConfig: Setting CVar [[r.Shadow.CSM.MaxCascades:10]]
[2022.03.12-21.03.16:701][  0]LogConfig: Setting CVar [[r.Shadow.MaxResolution:2048]]
[2022.03.12-21.03.16:701][  0]LogConfig: Setting CVar [[r.Shadow.MaxCSMResolution:2048]]
[2022.03.12-21.03.16:701][  0]LogConfig: Setting CVar [[r.Shadow.RadiusThreshold:0.01]]
[2022.03.12-21.03.16:701][  0]LogConfig: Setting CVar [[r.Shadow.DistanceScale:1.0]]
[2022.03.12-21.03.16:701][  0]LogConfig: Setting CVar [[r.Shadow.CSM.TransitionScale:1.0]]
[2022.03.12-21.03.16:701][  0]LogConfig: Setting CVar [[r.Shadow.PreShadowResolutionFactor:1.0]]
[2022.03.12-21.03.16:701][  0]LogConfig: Setting CVar [[r.DistanceFieldShadowing:1]]
[2022.03.12-21.03.16:701][  0]LogConfig: Setting CVar [[r.DistanceFieldAO:1]]
[2022.03.12-21.03.16:701][  0]LogConfig: Setting CVar [[r.AOQuality:2]]
[2022.03.12-21.03.16:701][  0]LogConfig: Setting CVar [[r.VolumetricFog:1]]
[2022.03.12-21.03.16:701][  0]LogConfig: Setting CVar [[r.VolumetricFog.GridPixelSize:8]]
[2022.03.12-21.03.16:701][  0]LogConfig: Setting CVar [[r.VolumetricFog.GridSizeZ:128]]
[2022.03.12-21.03.16:701][  0]LogConfig: Setting CVar [[r.VolumetricFog.HistoryMissSupersampleCount:4]]
[2022.03.12-21.03.16:701][  0]LogConfig: Setting CVar [[r.LightMaxDrawDistanceScale:1]]
[2022.03.12-21.03.16:701][  0]LogConfig: Setting CVar [[r.CapsuleShadows:1]]
[2022.03.12-21.03.16:701][  0]LogConfig: Applying CVar settings from Section [PostProcessQuality@3] File [D:/Facultad/9no Semestre/Diseño de Videojuegos en linea/GitHub/DisviliScene/MyProject/Saved/Config/Windows/Scalability.ini]
[2022.03.12-21.03.16:701][  0]LogConfig: Setting CVar [[r.MotionBlurQuality:4]]
[2022.03.12-21.03.16:701][  0]LogConfig: Setting CVar [[r.AmbientOcclusionMipLevelFactor:0.4]]
[2022.03.12-21.03.16:701][  0]LogConfig: Setting CVar [[r.AmbientOcclusionMaxQuality:100]]
[2022.03.12-21.03.16:701][  0]LogConfig: Setting CVar [[r.AmbientOcclusionLevels:-1]]
[2022.03.12-21.03.16:701][  0]LogConfig: Setting CVar [[r.AmbientOcclusionRadiusScale:1.0]]
[2022.03.12-21.03.16:701][  0]LogConfig: Setting CVar [[r.DepthOfFieldQuality:2]]
[2022.03.12-21.03.16:701][  0]LogConfig: Setting CVar [[r.RenderTargetPoolMin:400]]
[2022.03.12-21.03.16:701][  0]LogConfig: Setting CVar [[r.LensFlareQuality:2]]
[2022.03.12-21.03.16:701][  0]LogConfig: Setting CVar [[r.SceneColorFringeQuality:1]]
[2022.03.12-21.03.16:701][  0]LogConfig: Setting CVar [[r.EyeAdaptationQuality:2]]
[2022.03.12-21.03.16:701][  0]LogConfig: Setting CVar [[r.BloomQuality:5]]
[2022.03.12-21.03.16:701][  0]LogConfig: Setting CVar [[r.FastBlurThreshold:100]]
[2022.03.12-21.03.16:701][  0]LogConfig: Setting CVar [[r.Upscale.Quality:3]]
[2022.03.12-21.03.16:701][  0]LogConfig: Setting CVar [[r.Tonemapper.GrainQuantization:1]]
[2022.03.12-21.03.16:701][  0]LogConfig: Setting CVar [[r.LightShaftQuality:1]]
[2022.03.12-21.03.16:701][  0]LogConfig: Setting CVar [[r.Filter.SizeScale:1]]
[2022.03.12-21.03.16:701][  0]LogConfig: Setting CVar [[r.Tonemapper.Quality:5]]
[2022.03.12-21.03.16:701][  0]LogConfig: Setting CVar [[r.DOF.Gather.AccumulatorQuality:1        ; higher gathering accumulator quality]]
[2022.03.12-21.03.16:701][  0]LogConfig: Setting CVar [[r.DOF.Gather.PostfilterMethod:1          ; Median3x3 postfilering method]]
[2022.03.12-21.03.16:702][  0]LogConfig: Setting CVar [[r.DOF.Gather.EnableBokehSettings:0       ; no bokeh simulation when gathering]]
[2022.03.12-21.03.16:702][  0]LogConfig: Setting CVar [[r.DOF.Gather.RingCount:4                 ; medium number of samples when gathering]]
[2022.03.12-21.03.16:702][  0]LogConfig: Setting CVar [[r.DOF.Scatter.ForegroundCompositing:1    ; additive foreground scattering]]
[2022.03.12-21.03.16:702][  0]LogConfig: Setting CVar [[r.DOF.Scatter.BackgroundCompositing:2    ; additive background scattering]]
[2022.03.12-21.03.16:702][  0]LogConfig: Setting CVar [[r.DOF.Scatter.EnableBokehSettings:1      ; bokeh simulation when scattering]]
[2022.03.12-21.03.16:702][  0]LogConfig: Setting CVar [[r.DOF.Scatter.MaxSpriteRatio:0.1         ; only a maximum of 10% of scattered bokeh]]
[2022.03.12-21.03.16:702][  0]LogConfig: Setting CVar [[r.DOF.Recombine.Quality:1                ; cheap slight out of focus]]
[2022.03.12-21.03.16:702][  0]LogConfig: Setting CVar [[r.DOF.Recombine.EnableBokehSettings:0    ; no bokeh simulation on slight out of focus]]
[2022.03.12-21.03.16:702][  0]LogConfig: Setting CVar [[r.DOF.TemporalAAQuality:1                ; more stable temporal accumulation]]
[2022.03.12-21.03.16:702][  0]LogConfig: Setting CVar [[r.DOF.Kernel.MaxForegroundRadius:0.025]]
[2022.03.12-21.03.16:702][  0]LogConfig: Setting CVar [[r.DOF.Kernel.MaxBackgroundRadius:0.025]]
[2022.03.12-21.03.16:702][  0]LogConfig: Applying CVar settings from Section [TextureQuality@3] File [D:/Facultad/9no Semestre/Diseño de Videojuegos en linea/GitHub/DisviliScene/MyProject/Saved/Config/Windows/Scalability.ini]
[2022.03.12-21.03.16:702][  0]LogConfig: Setting CVar [[r.Streaming.MipBias:0]]
[2022.03.12-21.03.16:702][  0]LogConfig: Setting CVar [[r.Streaming.AmortizeCPUToGPUCopy:0]]
[2022.03.12-21.03.16:702][  0]LogConfig: Setting CVar [[r.Streaming.MaxNumTexturesToStreamPerFrame:0]]
[2022.03.12-21.03.16:702][  0]LogConfig: Setting CVar [[r.Streaming.Boost:1]]
[2022.03.12-21.03.16:702][  0]LogConfig: Setting CVar [[r.MaxAnisotropy:8]]
[2022.03.12-21.03.16:702][  0]LogConfig: Setting CVar [[r.VT.MaxAnisotropy:8]]
[2022.03.12-21.03.16:702][  0]LogConfig: Setting CVar [[r.Streaming.LimitPoolSizeToVRAM:0]]
[2022.03.12-21.03.16:702][  0]LogConfig: Setting CVar [[r.Streaming.PoolSize:1000]]
[2022.03.12-21.03.16:702][  0]LogConfig: Setting CVar [[r.Streaming.MaxEffectiveScreenSize:0]]
[2022.03.12-21.03.16:702][  0]LogConfig: Applying CVar settings from Section [EffectsQuality@3] File [D:/Facultad/9no Semestre/Diseño de Videojuegos en linea/GitHub/DisviliScene/MyProject/Saved/Config/Windows/Scalability.ini]
[2022.03.12-21.03.16:702][  0]LogConfig: Setting CVar [[r.TranslucencyLightingVolumeDim:64]]
[2022.03.12-21.03.16:702][  0]LogConfig: Setting CVar [[r.RefractionQuality:2]]
[2022.03.12-21.03.16:702][  0]LogConfig: Setting CVar [[r.SSR.Quality:3]]
[2022.03.12-21.03.16:702][  0]LogConfig: Setting CVar [[r.SSR.HalfResSceneColor:0]]
[2022.03.12-21.03.16:702][  0]LogConfig: Setting CVar [[r.SceneColorFormat:4]]
[2022.03.12-21.03.16:702][  0]LogConfig: Setting CVar [[r.DetailMode:2]]
[2022.03.12-21.03.16:702][  0]LogConfig: Setting CVar [[r.TranslucencyVolumeBlur:1]]
[2022.03.12-21.03.16:702][  0]LogConfig: Setting CVar [[r.MaterialQualityLevel:1 ; High quality]]
[2022.03.12-21.03.16:702][  0]LogConfig: Setting CVar [[r.AnisotropicMaterials:1]]
[2022.03.12-21.03.16:702][  0]LogConfig: Setting CVar [[r.SSS.Scale:1]]
[2022.03.12-21.03.16:702][  0]LogConfig: Setting CVar [[r.SSS.SampleSet:2]]
[2022.03.12-21.03.16:702][  0]LogConfig: Setting CVar [[r.SSS.Quality:1]]
[2022.03.12-21.03.16:702][  0]LogConfig: Setting CVar [[r.SSS.HalfRes:0]]
[2022.03.12-21.03.16:702][  0]LogConfig: Setting CVar [[r.SSGI.Quality:3]]
[2022.03.12-21.03.16:702][  0]LogConfig: Setting CVar [[r.EmitterSpawnRateScale:1.0]]
[2022.03.12-21.03.16:702][  0]LogConfig: Setting CVar [[r.ParticleLightQuality:2]]
[2022.03.12-21.03.16:702][  0]LogConfig: Setting CVar [[r.SkyAtmosphere.AerialPerspectiveLUT.FastApplyOnOpaque:1 ; Always have FastSkyLUT 1 in this case to avoid wrong sky]]
[2022.03.12-21.03.16:702][  0]LogConfig: Setting CVar [[r.SkyAtmosphere.AerialPerspectiveLUT.SampleCountMaxPerSlice:4]]
[2022.03.12-21.03.16:702][  0]LogConfig: Setting CVar [[r.SkyAtmosphere.AerialPerspectiveLUT.DepthResolution:16.0]]
[2022.03.12-21.03.16:702][  0]LogConfig: Setting CVar [[r.SkyAtmosphere.FastSkyLUT:1]]
[2022.03.12-21.03.16:702][  0]LogConfig: Setting CVar [[r.SkyAtmosphere.FastSkyLUT.SampleCountMin:4.0]]
[2022.03.12-21.03.16:702][  0]LogConfig: Setting CVar [[r.SkyAtmosphere.FastSkyLUT.SampleCountMax:128.0]]
[2022.03.12-21.03.16:702][  0]LogConfig: Setting CVar [[r.SkyAtmosphere.SampleCountMin:4.0]]
[2022.03.12-21.03.16:702][  0]LogConfig: Setting CVar [[r.SkyAtmosphere.SampleCountMax:128.0]]
[2022.03.12-21.03.16:702][  0]LogConfig: Setting CVar [[r.SkyAtmosphere.TransmittanceLUT.UseSmallFormat:0]]
[2022.03.12-21.03.16:702][  0]LogConfig: Setting CVar [[r.SkyAtmosphere.TransmittanceLUT.SampleCount:10.0]]
[2022.03.12-21.03.16:702][  0]LogConfig: Setting CVar [[r.SkyAtmosphere.MultiScatteringLUT.SampleCount:15.0]]
[2022.03.12-21.03.16:702][  0]LogConfig: Setting CVar [[r.SkyLight.RealTimeReflectionCapture:1]]
[2022.03.12-21.03.16:702][  0]LogConfig: Applying CVar settings from Section [FoliageQuality@3] File [D:/Facultad/9no Semestre/Diseño de Videojuegos en linea/GitHub/DisviliScene/MyProject/Saved/Config/Windows/Scalability.ini]
[2022.03.12-21.03.16:702][  0]LogConfig: Setting CVar [[foliage.DensityScale:1.0]]
[2022.03.12-21.03.16:702][  0]LogConfig: Setting CVar [[grass.DensityScale:1.0]]
[2022.03.12-21.03.16:702][  0]LogConfig: Applying CVar settings from Section [ShadingQuality@3] File [D:/Facultad/9no Semestre/Diseño de Videojuegos en linea/GitHub/DisviliScene/MyProject/Saved/Config/Windows/Scalability.ini]
[2022.03.12-21.03.16:702][  0]LogConfig: Setting CVar [[r.HairStrands.SkyLighting.IntegrationType:2]]
[2022.03.12-21.03.16:702][  0]LogConfig: Setting CVar [[r.HairStrands.SkyAO.SampleCount:4]]
[2022.03.12-21.03.16:702][  0]LogConfig: Setting CVar [[r.HairStrands.Visibility.MSAA.SamplePerPixel:4]]
[2022.03.12-21.03.16:702][  0]LogConfig: Applying CVar settings from Section [Startup] File [../../../Engine/Config/ConsoleVariables.ini]
[2022.03.12-21.03.16:740][  0]LogConfig: Setting CVar [[net.UseAdaptiveNetUpdateFrequency:0]]
[2022.03.12-21.03.16:740][  0]LogConfig: Setting CVar [[p.chaos.AllowCreatePhysxBodies:1]]
[2022.03.12-21.03.16:740][  0]LogConfig: Setting CVar [[fx.SkipVectorVMBackendOptimizations:1]]
[2022.03.12-21.03.16:740][  0]LogConfig: Applying CVar settings from Section [ConsoleVariables] File [D:/Facultad/9no Semestre/Diseño de Videojuegos en linea/GitHub/DisviliScene/MyProject/Saved/Config/Windows/Engine.ini]
[2022.03.12-21.03.16:740][  0]LogConfig: Applying CVar settings from Section [ConsoleVariables] File [D:/Facultad/9no Semestre/Diseño de Videojuegos en linea/GitHub/DisviliScene/MyProject/Saved/Config/Windows/Editor.ini]
[2022.03.12-21.03.16:741][  0]LogInit: Computer: ELDMAIN
[2022.03.12-21.03.16:741][  0]LogInit: User: Usuario
[2022.03.12-21.03.16:741][  0]LogInit: CPU Page size=4096, Cores=6
[2022.03.12-21.03.16:741][  0]LogInit: High frequency timer resolution =10.000000 MHz
[2022.03.12-21.03.16:741][  0]LogMemory: Memory total: Physical=15.9GB (16GB approx)
[2022.03.12-21.03.16:741][  0]LogMemory: Platform Memory Stats for Windows
[2022.03.12-21.03.16:741][  0]LogMemory: Process Physical Memory: 147.39 MB used, 147.40 MB peak
[2022.03.12-21.03.16:741][  0]LogMemory: Process Virtual Memory: 123.86 MB used, 123.86 MB peak
[2022.03.12-21.03.16:741][  0]LogMemory: Physical Memory: 7263.91 MB used,  9050.80 MB free, 16314.71 MB total
[2022.03.12-21.03.16:741][  0]LogMemory: Virtual Memory: 134209712.00 MB used,  8014.76 MB free, 134217728.00 MB total
[2022.03.12-21.03.16:753][  0]LogWindows: WindowsPlatformFeatures enabled
[2022.03.12-21.03.17:768][  0]LogInit: Physics initialised using underlying interface: PhysX
[2022.03.12-21.03.17:800][  0]LogInit: Overriding language with editor language configuration option (en).
[2022.03.12-21.03.17:800][  0]LogInit: Overriding language with editor locale configuration option (en).
[2022.03.12-21.03.18:590][  0]LogInit: Setting process to per monitor DPI aware
[2022.03.12-21.03.18:739][  0]LogWindowsTextInputMethodSystem: Display: IME system deactivated.
[2022.03.12-21.03.19:147][  0]LogSlate: New Slate User Created.  User Index 0, Is Virtual User: 0
[2022.03.12-21.03.19:147][  0]LogSlate: Slate User Registered.  User Index 0, Is Virtual User: 0
[2022.03.12-21.03.23:542][  0]LogD3D11RHI: Loaded GFSDK_Aftermath_Lib.x64.dll
[2022.03.12-21.03.23:569][  0]LogHMD: Failed to initialize OpenVR with code 110
[2022.03.12-21.03.23:569][  0]LogD3D11RHI: D3D11 min allowed feature level: 11_0
[2022.03.12-21.03.23:569][  0]LogD3D11RHI: D3D11 max allowed feature level: 11_0
[2022.03.12-21.03.23:569][  0]LogD3D11RHI: D3D11 adapters:
[2022.03.12-21.03.23:726][  0]LogD3D11RHI:    0. 'NVIDIA GeForce GTX 1060 6GB' (Feature Level 11_0)
[2022.03.12-21.03.23:726][  0]LogD3D11RHI:       6052/0/8157 MB DedicatedVideo/DedicatedSystem/SharedSystem, Outputs:2, VendorId:0x10de
[2022.03.12-21.03.23:735][  0]LogD3D11RHI:    1. 'Microsoft Basic Render Driver' (Feature Level 11_0)
[2022.03.12-21.03.23:735][  0]LogD3D11RHI:       0/0/8157 MB DedicatedVideo/DedicatedSystem/SharedSystem, Outputs:0, VendorId:0x1414
[2022.03.12-21.03.23:735][  0]LogD3D11RHI: Chosen D3D11 Adapter:
[2022.03.12-21.03.23:735][  0]LogD3D11RHI:     Description : NVIDIA GeForce GTX 1060 6GB
[2022.03.12-21.03.23:735][  0]LogD3D11RHI:     VendorId    : 10de
[2022.03.12-21.03.23:735][  0]LogD3D11RHI:     DeviceId    : 1c03
[2022.03.12-21.03.23:735][  0]LogD3D11RHI:     SubSysId    : 37391458
[2022.03.12-21.03.23:735][  0]LogD3D11RHI:     Revision    : 00a1
[2022.03.12-21.03.23:735][  0]LogD3D11RHI:     DedicatedVideoMemory : 6345981952 bytes
[2022.03.12-21.03.23:735][  0]LogD3D11RHI:     DedicatedSystemMemory : 0 bytes
[2022.03.12-21.03.23:735][  0]LogD3D11RHI:     SharedSystemMemory : 8553609216 bytes
[2022.03.12-21.03.23:735][  0]LogD3D11RHI:     AdapterLuid : 0 54472
[2022.03.12-21.03.23:745][  0]LogD3D11RHI: Creating new Direct3DDevice
[2022.03.12-21.03.23:745][  0]LogD3D11RHI:     GPU DeviceId: 0x1c03 (for the marketing name, search the web for "GPU Device Id")
[2022.03.12-21.03.23:745][  0]LogWindows: EnumDisplayDevices:
[2022.03.12-21.03.23:745][  0]LogWindows:    0. 'NVIDIA GeForce GTX 1060 6GB' (P:1 D:1)
[2022.03.12-21.03.23:745][  0]LogWindows:    1. 'NVIDIA GeForce GTX 1060 6GB' (P:0 D:1)
[2022.03.12-21.03.23:746][  0]LogWindows:    2. 'NVIDIA GeForce GTX 1060 6GB' (P:0 D:0)
[2022.03.12-21.03.23:746][  0]LogWindows:    3. 'NVIDIA GeForce GTX 1060 6GB' (P:0 D:0)
[2022.03.12-21.03.23:746][  0]LogWindows:    4. 'LMIMIRR' (P:0 D:0)
[2022.03.12-21.03.23:747][  0]LogWindows: DebugString: GetVideoDriverDetailsInvalid PrimaryIsNotTheChoosenAdapter FoundDriverCount:4 
[2022.03.12-21.03.23:747][  0]LogD3D11RHI:     Adapter Name: NVIDIA GeForce GTX 1060 6GB
[2022.03.12-21.03.23:747][  0]LogD3D11RHI:   Driver Version: 496.49 (internal:30.0.14.9649, unified:496.49)
[2022.03.12-21.03.23:747][  0]LogD3D11RHI:      Driver Date: 10-20-2021
[2022.03.12-21.03.23:747][  0]LogRHI: Texture pool is 4236 MB (70% of 6052 MB)
[2022.03.12-21.03.23:747][  0]LogD3D11RHI: Creating D3DDevice using adapter:
[2022.03.12-21.03.23:747][  0]LogD3D11RHI:     Description : NVIDIA GeForce GTX 1060 6GB
[2022.03.12-21.03.23:747][  0]LogD3D11RHI:     VendorId    : 10de
[2022.03.12-21.03.23:747][  0]LogD3D11RHI:     DeviceId    : 1c03
[2022.03.12-21.03.23:747][  0]LogD3D11RHI:     SubSysId    : 37391458
[2022.03.12-21.03.23:747][  0]LogD3D11RHI:     Revision    : 00a1
[2022.03.12-21.03.23:747][  0]LogD3D11RHI:     DedicatedVideoMemory : 6345981952 bytes
[2022.03.12-21.03.23:747][  0]LogD3D11RHI:     DedicatedSystemMemory : 0 bytes
[2022.03.12-21.03.23:747][  0]LogD3D11RHI:     SharedSystemMemory : 8553609216 bytes
[2022.03.12-21.03.23:747][  0]LogD3D11RHI:     AdapterLuid : 0 54472
[2022.03.12-21.03.23:833][  0]LogD3D11RHI: RHI has support for 64 bit atomics
[2022.03.12-21.03.23:834][  0]LogD3D11RHI: Async texture creation enabled
[2022.03.12-21.03.23:834][  0]LogD3D11RHI: Array index from any shader is supported
[2022.03.12-21.03.24:248][  0]LogD3D11RHI: GPU Timing Frequency: 1000.000000 (Debug: 2 1)
[2022.03.12-21.03.24:414][  0]LogRHI: GeForceNow SDK initialized: 1
[2022.03.12-21.03.25:535][  0]LogTargetPlatformManager: Display: Loaded TargetPlatform 'AllDesktop'
[2022.03.12-21.03.25:619][  0]LogTargetPlatformManager: Display: Loaded TargetPlatform 'Android'
[2022.03.12-21.03.25:619][  0]LogTargetPlatformManager: Display: Loaded TargetPlatform 'Android_ASTC'
[2022.03.12-21.03.25:619][  0]LogTargetPlatformManager: Display: Loaded TargetPlatform 'Android_DXT'
[2022.03.12-21.03.25:619][  0]LogTargetPlatformManager: Display: Loaded TargetPlatform 'Android_ETC2'
[2022.03.12-21.03.25:619][  0]LogTargetPlatformManager: Display: Loaded TargetPlatform 'AndroidClient'
[2022.03.12-21.03.25:619][  0]LogTargetPlatformManager: Display: Loaded TargetPlatform 'Android_ASTCClient'
[2022.03.12-21.03.25:619][  0]LogTargetPlatformManager: Display: Loaded TargetPlatform 'Android_DXTClient'
[2022.03.12-21.03.25:619][  0]LogTargetPlatformManager: Display: Loaded TargetPlatform 'Android_ETC2Client'
[2022.03.12-21.03.25:619][  0]LogTargetPlatformManager: Display: Loaded TargetPlatform 'Android_Multi'
[2022.03.12-21.03.25:619][  0]LogTargetPlatformManager: Display: Loaded TargetPlatform 'Android_MultiClient'
[2022.03.12-21.03.25:779][  0]LogTargetPlatformManager: Display: Loaded TargetPlatform 'IOSClient'
[2022.03.12-21.03.25:779][  0]LogTargetPlatformManager: Display: Loaded TargetPlatform 'IOS'
[2022.03.12-21.03.25:895][  0]LogTargetPlatformManager: Display: Loaded TargetPlatform 'Linux'
[2022.03.12-21.03.25:961][  0]LogTargetPlatformManager: Display: Loaded TargetPlatform 'LinuxNoEditor'
[2022.03.12-21.03.26:218][  0]LogTargetPlatformManager: Display: Loaded TargetPlatform 'LinuxClient'
[2022.03.12-21.03.26:267][  0]LogTargetPlatformManager: Display: Loaded TargetPlatform 'LinuxServer'
[2022.03.12-21.03.26:323][  0]LogTargetPlatformManager: Display: Loaded TargetPlatform 'LinuxAArch64NoEditor'
[2022.03.12-21.03.26:362][  0]LogTargetPlatformManager: Display: Loaded TargetPlatform 'LinuxAArch64Client'
[2022.03.12-21.03.26:605][  0]LogTargetPlatformManager: Display: Loaded TargetPlatform 'LinuxAArch64Server'
[2022.03.12-21.03.26:724][  0]LogTargetPlatformManager: Display: Loaded TargetPlatform 'Lumin'
[2022.03.12-21.03.26:724][  0]LogTargetPlatformManager: Display: Loaded TargetPlatform 'LuminClient'
[2022.03.12-21.03.26:990][  0]LogTargetPlatformManager: Display: Loaded TargetPlatform 'MacNoEditor'
[2022.03.12-21.03.27:034][  0]LogTargetPlatformManager: Display: Loaded TargetPlatform 'Mac'
[2022.03.12-21.03.27:075][  0]LogTargetPlatformManager: Display: Loaded TargetPlatform 'MacClient'
[2022.03.12-21.03.27:113][  0]LogTargetPlatformManager: Display: Loaded TargetPlatform 'MacServer'
[2022.03.12-21.03.27:156][  0]LogTargetPlatformManager: Display: Loaded TargetPlatform 'TVOSClient'
[2022.03.12-21.03.27:156][  0]LogTargetPlatformManager: Display: Loaded TargetPlatform 'TVOS'
[2022.03.12-21.03.27:267][  0]LogTargetPlatformManager: Display: Loaded TargetPlatform 'WindowsNoEditor'
[2022.03.12-21.03.27:310][  0]LogTargetPlatformManager: Display: Loaded TargetPlatform 'Windows'
[2022.03.12-21.03.27:348][  0]LogTargetPlatformManager: Display: Loaded TargetPlatform 'WindowsClient'
[2022.03.12-21.03.27:393][  0]LogTargetPlatformManager: Display: Loaded TargetPlatform 'WindowsServer'
[2022.03.12-21.03.27:393][  0]LogTargetPlatformManager: Display: Building Assets For Windows
[2022.03.12-21.03.27:720][  0]LogAudioDebug: Display: Lib vorbis DLL was dynamically loaded.
[2022.03.12-21.03.28:330][  0]LogTextureFormatOodle: Display: Oodle Texture 2.9.0 init RDO Off
[2022.03.12-21.03.29:245][  0]LogRendererCore: Ray tracing is disabled. Reason: r.RayTracing=0.
[2022.03.12-21.03.29:265][  0]LogShaderCompilers: Guid format shader working directory is -53 characters bigger than the processId version (../../../../../../Facultad/9no Semestre/Diseño de Videojuegos en linea/GitHub/DisviliScene/MyProject/Intermediate/Shaders/WorkingDirectory/21428/).
[2022.03.12-21.03.29:266][  0]LogShaderCompilers: Cleaned the shader compiler working directory 'C:/Users/Usuario/AppData/Local/Temp/UnrealShaderWorkingDir/579E47514800D191CC12E29BD4E2723C/'.
[2022.03.12-21.03.29:268][  0]LogXGEController: Cannot use XGE Controller as Incredibuild is not installed on this machine.
[2022.03.12-21.03.29:268][  0]LogShaderCompilers: Cannot use XGE Shader Compiler as Incredibuild is not installed on this machine.
[2022.03.12-21.03.29:268][  0]LogShaderCompilers: Display: Using Local Shader Compiler.
[2022.03.12-21.03.34:474][  0]LogDerivedDataCache: Display: Max Cache Size: 512 MB
[2022.03.12-21.03.35:325][  0]LogDerivedDataCache: Loaded boot cache 0.85s 94MB C:/Users/Usuario/AppData/Local/UnrealEngine/4.27/DerivedDataCache/Boot.ddc.
[2022.03.12-21.03.35:325][  0]LogDerivedDataCache: Display: Loaded Boot cache: C:/Users/Usuario/AppData/Local/UnrealEngine/4.27/DerivedDataCache/Boot.ddc
[2022.03.12-21.03.35:325][  0]LogDerivedDataCache: FDerivedDataBackendGraph:  Pak pak cache file ../../../../../../Facultad/9no Semestre/Diseño de Videojuegos en linea/GitHub/DisviliScene/MyProject/DerivedDataCache/DDC.ddp not found, will not use a pak cache.
[2022.03.12-21.03.35:325][  0]LogDerivedDataCache: Unable to find inner node Pak for hierarchical cache Hierarchy.
[2022.03.12-21.03.35:325][  0]LogDerivedDataCache: FDerivedDataBackendGraph:  CompressedPak pak cache file ../../../../../../Facultad/9no Semestre/Diseño de Videojuegos en linea/GitHub/DisviliScene/MyProject/DerivedDataCache/Compressed.ddp not found, will not use a pak cache.
[2022.03.12-21.03.35:325][  0]LogDerivedDataCache: Unable to find inner node CompressedPak for hierarchical cache Hierarchy.
[2022.03.12-21.03.35:448][  0]LogDerivedDataCache: Display: Pak cache opened for reading ../../../Engine/DerivedDataCache/Compressed.ddp.
[2022.03.12-21.03.35:449][  0]LogDerivedDataCache: FDerivedDataBackendGraph:  EnterprisePak pak cache file ../../../Enterprise/DerivedDataCache/Compressed.ddp not found, will not use a pak cache.
[2022.03.12-21.03.35:449][  0]LogDerivedDataCache: Unable to find inner node EnterprisePak for hierarchical cache Hierarchy.
[2022.03.12-21.03.35:574][  0]LogDerivedDataCache: Speed tests for C:/Users/Usuario/AppData/Local/UnrealEngine/Common/DerivedDataCache took 0.13 seconds
[2022.03.12-21.03.35:574][  0]LogDerivedDataCache: Display: Performance to C:/Users/Usuario/AppData/Local/UnrealEngine/Common/DerivedDataCache: Latency=0.47ms. RandomReadSpeed=13.16MBs, RandomWriteSpeed=18.79MBs. Assigned SpeedClass 'Local'
[2022.03.12-21.03.35:627][  0]LogDerivedDataCache: Using Local data cache path C:/Users/Usuario/AppData/Local/UnrealEngine/Common/DerivedDataCache: Writable
[2022.03.12-21.03.35:627][  0]LogDerivedDataCache: Shared data cache path not found in *engine.ini, will not use an Shared cache.
[2022.03.12-21.03.35:627][  0]LogDerivedDataCache: Unable to find inner node Shared for hierarchical cache Hierarchy.
[2022.03.12-21.03.35:776][  0]LogSlate: Using FreeType 2.10.0
[2022.03.12-21.03.35:871][  0]LogSlate: SlateFontServices - WITH_FREETYPE: 1, WITH_HARFBUZZ: 1
[2022.03.12-21.03.36:531][  0]LogAssetRegistry: FAssetRegistry took 0.0394 seconds to start up
[2022.03.12-21.03.38:603][  0]LogInit: Selected Device Profile: [Windows]
[2022.03.12-21.03.38:603][  0]LogInit: Active device profile: [0000015F184A7500][0000015F1670CBC0 49] Windows
[2022.03.12-21.03.38:603][  0]LogInit: Profiles: [0000015F184A7500][0000015F1670CBC0 49] Windows, [0000015F18468C00][0000015F16708E40 49] WindowsNoEditor, [0000015F184A4B00][0000015F16715100 49] WindowsServer, [0000015F1846B500][0000015F145293C0 49] WindowsClient, [0000015F184A7F00][0000015F1452D680 49] IOS, [0000015F18469000][0000015F14531940 49] iPadAir, [0000015F184A4F00][0000015F14535C00 49] iPadAir2, [0000015F18424500][0000015F145485C0 49] IPadPro, [0000015F18424600][0000015F14538600 49] iPadAir3, [0000015F184A6F00][0000015F145408C0 49] iPadAir4, [0000015F18427400][0000015F1453CB80 49] iPadMini2, [0000015F184A7C00][0000015F16710E00 49] iPadMini3, [0000015F18425600][0000015F14545080 49] iPadMini4, [0000015F184A6C00][0000015F14551340 49] iPadMini5, [0000015F18417D00][0000015F145E3880 49] iPhone6, [0000015F18417E00][0000015F145558C0 49] iPodTouch6, [0000015F18426E00][0000015F145EA280 49] iPhone7, [0000015F18427100][0000015F1455C2C0 49] iPodTouch7, [0000015F18415000][0000015F145DE580 49] iPhone5S, [0000015F18426700][0000015F14558840 49] iPhone6Plus, [0000015F18417000][0000015F145E6B00 49] iPhone6S, [0000015F18427600][0000015F145EEDC0 49] iPhone6SPlus, [0000015F18415400][0000015F1454D040 49] iPhone7Plus, [0000015F18426200][0000015F145F32C0 49] iPhoneSE, [0000015F18416C00][0000015F145FB580 49] iPhone8, [0000015F18425400][0000015F145FF840 49] iPhone8Plus, [0000015F18415800][0000015F14603B00 49] iPhoneX, [0000015F18425E00][0000015F14606240 49] iPhoneXS, [0000015F18416800][0000015F1460A500 49] iPhoneXSMax, [0000015F18424E00][0000015F1460E7C0 49] iPhoneXR, [0000015F18415B00][0000015F14612A80 49] iPhone11, [0000015F18425C00][0000015F14616D40 49] iPhone11Pro, [0000015F18414900][0000015F1461B000 49] iPhone11ProMax, [0000015F18424B00][0000015F145F7280 49] iPhoneSE2, [0000015F18415D00][0000015F1461F500 49] iPhone12Mini, [0000015F18424400][0000015F164297C0 49] iPhone12, [0000015F18415200][0000015F1642DA80 49] iPhone12Pro, [0000015F18427000][0000015F164301C0 49] iPhone12ProMax, [0000015F18415E00][0000015F16434480 49] iPadPro105, [0000015F18425700][0000015F16438740 49] iPadPro129, [0000015F18416300][0000015F1643CA00 49] iPadPro97, [0000015F18424700][0000015F16440CC0 49] iPadPro2_129, [0000015F18417500][0000015F16444F80 49] iPad5, [0000015F18427800][0000015F16449240 49] iPad6, [0000015F18416700][0000015F146234C0 49] iPad7, [0000015F18425B00][0000015F1644D740 49] iPad8, [0000015F18415500][0000015F16455A00 49] iPadPro11, [0000015F18424C00][0000015F16458140 49] iPadPro2_11, [0000015F18414E00][0000015F1645C400 49] iPadPro3_129, [0000015F18426600][0000015F164606C0 49] iPadPro4_129, [0000015F18417C00][0000015F16464980 49] AppleTV, [0000015F18424200][0000015F16468C40 49] AppleTV4K, [0000015F18416200][0000015F1646CF00 49] TVOS, [0000015F18424800][0000015F164711C0 49] Mac, [0000015F18415A00][0000015F16475480 49] MacClient, [0000015F18427700][0000015F16451700 49] MacNoEditor, [0000015F18414C00][0000015F16479980 49] MacServer, [0000015F18426A00][0000015F164800C0 49] Linux, [0000015F18415700][0000015F16484380 49] LinuxAArch64, [0000015F18424300][0000015F16488640 49] LinuxNoEditor, [0000015F18415F00][0000015F1648C900 49] LinuxAArch64NoEditor, [0000015F18426000][0000015F16490BC0 49] LinuxClient, [0000015F184EA400][0000015F16494E80 49] LinuxAArch64Client, [0000015F18468700][0000015F16499140 49] LinuxServer, [0000015F184E8B00][0000015F1649D400 49] LinuxAArch64Server, [0000015F18469D00][0000015F164A16C0 49] Android, [0000015F184E9300][0000015F1647D940 49] Android_Low, [0000015F1846AA00][0000015F164A5BC0 49] Android_Mid, [0000015F184EA100][0000015F16754300 49] Android_High, [0000015F1846BD00][0000015F167585C0 49] Android_Default, [0000015F184E8600][0000015F1675C880 49] Android_Adreno4xx, [0000015F18469B00][0000015F16760B40 49] Android_Adreno5xx_Low, [0000015F184E9400][0000015F16764E00 49] Android_Adreno5xx, [0000015F18469400][0000015F167690C0 49] Android_Adreno6xx, [0000015F184E8E00][0000015F1676D380 49] Android_Adreno6xx_Vulkan, [0000015F1846BE00][0000015F16771640 49] Android_Mali_T6xx, [0000015F184E9000][0000015F16775900 49] Android_Mali_T7xx, [0000015F18468200][0000015F164A9B80 49] Android_Mali_T8xx, [0000015F184E9600][0000015F1677C2C0 49] Android_Mali_G71, [0000015F1846A500][0000015F16780580 49] Android_Mali_G72, [0000015F184E9E00][0000015F16784840 49] Android_Mali_G72_Vulkan, [0000015F18468500][0000015F16788B00 49] Android_Mali_G76, [0000015F18424F00][0000015F1678CDC0 49] Android_Mali_G76_Vulkan, [0000015F18414100][0000015F16791080 49] Android_Mali_G77, [0000015F18426D00][0000015F16795340 49] Android_Mali_G77_Vulkan, [0000015F18417600][0000015F16799600 49] Android_Mali_G78, [0000015F18426400][0000015F1679D8C0 49] Android_Mali_G78_Vulkan, [0000015F18416B00][0000015F16779B40 49] Android_Mali_G710, [0000015F18427F00][0000015F167A0240 49] Android_Mali_G710_Vulkan, [0000015F18417800][0000015F167A8500 49] Android_Vulkan_SM5, [0000015F18425D00][0000015F167AC7C0 49] Android_PowerVR_G6xxx, [0000015F18414600][0000015F167B0A80 49] Android_PowerVR_GT7xxx, [0000015F18424A00][0000015F167B4D40 49] Android_PowerVR_GE8xxx, [0000015F18414300][0000015F167B9000 49] Android_PowerVR_GM9xxx, [0000015F18427300][0000015F167BD2C0 49] Android_PowerVR_GM9xxx_Vulkan, [0000015F184E8300][0000015F167C1580 49] Android_TegraK1, [0000015F18426100][0000015F167C5840 49] Android_Unknown_Vulkan, [0000015F184E9700][0000015F167C9B00 49] Lumin, [0000015F18426800][0000015F167A4200 49] Lumin_Desktop, [0000015F184E8A00][0000015F167CC480 49] HoloLens, 
[2022.03.12-21.03.40:261][  0]LogMeshReduction: Using QuadricMeshReduction for automatic static mesh reduction
[2022.03.12-21.03.40:261][  0]LogMeshReduction: Using SimplygonMeshReduction for automatic skeletal mesh reduction
[2022.03.12-21.03.40:261][  0]LogMeshReduction: Using ProxyLODMeshReduction for automatic mesh merging
[2022.03.12-21.03.40:261][  0]LogMeshReduction: No distributed automatic mesh merging module available
[2022.03.12-21.03.40:262][  0]LogMeshMerging: No distributed automatic mesh merging module available
[2022.03.12-21.03.40:737][  0]LogNetVersion: MyProject 1.0.0, NetCL: 17155196, EngineNetVer: 17, GameNetVer: 0 (Checksum: 3629800737)
[2022.03.12-21.03.51:242][  0]LogTexture: Default maximum texture size for cubemaps generated from long-lat sources has been changed from 512 to unlimited. In order to preserve old behaiour for '/Engine/MapTemplates/Sky/DaylightAmbientCubemap.DaylightAmbientCubemap', its maximum texture size has been explicitly set to 512.
[2022.03.12-21.03.51:814][  0]LogHMD: PokeAHoleMaterial loaded successfully
[2022.03.12-21.03.51:897][  0]LogUObjectArray: 17178 objects as part of root set at end of initial load.
[2022.03.12-21.03.51:897][  0]LogUObjectAllocator: 4302048 out of 0 bytes used by permanent object pool.
[2022.03.12-21.03.51:897][  0]LogUObjectArray: CloseDisregardForGC: 0/0 objects in disregard for GC pool
[2022.03.12-21.03.54:790][  0]LogPython: Using Python 3.7.7
[2022.03.12-21.03.58:070][  0]LogNiagaraDebuggerClient: Niagara Debugger Client Initialized | Session: 1FF0C7994D58654873ED93A6268AC7E9 | Instance: 61B344704E26FE464CD404AEC10FCF44 (ELDMAIN-21428).
[2022.03.12-21.04.00:499][  0]LogTcpMessaging: Initializing TcpMessaging bridge
[2022.03.12-21.04.00:550][  0]LogUdpMessaging: Initializing bridge on interface 0.0.0.0:0 to multicast group 230.0.0.1:6666.
[2022.03.12-21.04.04:843][  0]LogOpenImageDenoise: OIDN starting up
[2022.03.12-21.04.05:068][  0]SourceControl: Source control is disabled
[2022.03.12-21.04.05:068][  0]SourceControl: Source control is disabled
[2022.03.12-21.04.05:142][  0]SourceControl: Source control is disabled
[2022.03.12-21.04.05:220][  0]SourceControl: Source control is disabled
[2022.03.12-21.04.05:362][  0]SourceControl: Source control is disabled
[2022.03.12-21.04.05:404][  0]LogUProjectInfo: Found projects:
[2022.03.12-21.04.07:258][  0]LogAndroidPermission: UAndroidPermissionCallbackProxy::GetInstance
[2022.03.12-21.04.07:547][  0]LogAudioCaptureCore: Display: No Audio Capture implementations found. Audio input will be silent.
[2022.03.12-21.04.07:547][  0]LogAudioCaptureCore: Display: No Audio Capture implementations found. Audio input will be silent.
[2022.03.12-21.04.09:190][  0]LogCollectionManager: Loaded 0 collections in 0.001617 seconds
[2022.03.12-21.04.09:608][  0]LogFileCache: Scanning file cache for directory 'D:/Facultad/9no Semestre/Diseño de Videojuegos en linea/GitHub/DisviliScene/MyProject/Saved/Collections/' took 0.02s
[2022.03.12-21.04.09:608][  0]LogFileCache: Scanning file cache for directory 'D:/Facultad/9no Semestre/Diseño de Videojuegos en linea/GitHub/DisviliScene/MyProject/Content/Developers/Usuario/Collections/' took 0.00s
[2022.03.12-21.04.09:608][  0]LogFileCache: Scanning file cache for directory 'D:/Facultad/9no Semestre/Diseño de Videojuegos en linea/GitHub/DisviliScene/MyProject/Content/Collections/' took 0.00s
[2022.03.12-21.04.09:608][  0]LogOcInput: OculusInput pre-init called
[2022.03.12-21.04.12:058][  0]LogEngine: Initializing Engine...
[2022.03.12-21.04.17:153][  0]LogHMD: Failed to enumerate extensions. Please check that you have a valid OpenXR runtime installed.
[2022.03.12-21.04.17:175][  0]LogHMD: Failed to initialize OpenVR with code 110
[2022.03.12-21.04.17:224][  0]LogMagicLeap: Warning: VR disabled because ZI is not enabled.  To enable, in the editor, Edit -> Project Settings -> Plugins -> Magic Leap Plugin -> Enable Zero Iteration
[2022.03.12-21.04.17:464][  0]LogStats: UGameplayTagsManager::InitializeManager -  0.001 s
[2022.03.12-21.04.20:136][  0]LogInit: Initializing FReadOnlyCVARCache
[2022.03.12-21.04.23:117][  0]LogAIModule: Creating AISystem for world Untitled
[2022.03.12-21.04.23:398][  0]LogAudio: Display: Initializing Audio Device Manager...
[2022.03.12-21.04.23:596][  0]LogAudio: Display: Loading Default Audio Settings Objects...
[2022.03.12-21.04.23:626][  0]LogAudio: Display: No default SoundConcurrencyObject specified (or failed to load).
[2022.03.12-21.04.23:679][  0]LogAudio: Display: Audio Device Manager Initialized
[2022.03.12-21.04.23:679][  0]LogAudio: Display: Creating Audio Device:                 Id: 1, Scope: Shared, Realtime: True
[2022.03.12-21.04.23:768][  0]LogAudioMixer: Display: Audio Mixer Platform Settings:
[2022.03.12-21.04.23:768][  0]LogAudioMixer: Display: 	Sample Rate:						  48000
[2022.03.12-21.04.23:768][  0]LogAudioMixer: Display: 	Callback Buffer Frame Size Requested: 1024
[2022.03.12-21.04.23:768][  0]LogAudioMixer: Display: 	Callback Buffer Frame Size To Use:	  1024
[2022.03.12-21.04.23:768][  0]LogAudioMixer: Display: 	Number of buffers to queue:			  2
[2022.03.12-21.04.23:768][  0]LogAudioMixer: Display: 	Max Channels (voices):				  32
[2022.03.12-21.04.23:768][  0]LogAudioMixer: Display: 	Number of Async Source Workers:		  0
[2022.03.12-21.04.23:768][  0]LogAudio: Display: AudioDevice MaxSources: 32
[2022.03.12-21.04.23:821][  0]LogAudio: Display: Audio Spatialization Plugin: None (built-in).
[2022.03.12-21.04.23:821][  0]LogAudio: Display: Audio Reverb Plugin: None (built-in).
[2022.03.12-21.04.23:821][  0]LogAudio: Display: Audio Occlusion Plugin: None (built-in).
[2022.03.12-21.04.23:821][  0]LogAudioMixer: Display: Initializing audio mixer.
[2022.03.12-21.04.23:988][  0]LogAudioMixer: Display: 0: FrontLeft
[2022.03.12-21.04.23:988][  0]LogAudioMixer: Display: 1: FrontRight
[2022.03.12-21.04.24:022][  0]LogAudioMixer: Display: Using Audio Device TOSHIBA-TV (NVIDIA High Definition Audio)
[2022.03.12-21.04.24:073][  0]LogAudioMixer: Display: Initializing Sound Submixes...
[2022.03.12-21.04.24:100][  0]LogAudioMixer: Display: Creating Master Submix 'MasterSubmixDefault'
[2022.03.12-21.04.24:100][  0]LogAudioMixer: Display: Creating Master Submix 'MasterReverbSubmixDefault'
[2022.03.12-21.04.24:102][  0]LogAudioMixer: Display: Creating Master Submix 'MasterEQSubmixDefault'
[2022.03.12-21.04.24:102][  0]LogAudioMixer: FMixerPlatformXAudio2::StartAudioStream() called
[2022.03.12-21.04.24:102][  0]LogAudioMixer: Display: Output buffers initialized: Frames=1024, Channels=2, Samples=2048
[2022.03.12-21.04.24:104][  0]LogAudioMixer: Display: Starting AudioMixerPlatformInterface::RunInternal()
[2022.03.12-21.04.24:104][  0]LogAudioMixer: Display: FMixerPlatformXAudio2::SubmitBuffer() called for the first time
[2022.03.12-21.04.24:104][  0]LogInit: FAudioDevice initialized.
[2022.03.12-21.04.24:113][  0]LogAudio: Display: Audio Device (ID: 1) registered with world 'Untitled'.
[2022.03.12-21.04.24:113][  0]LogNetVersion: Set ProjectVersion to 1.0.0.0. Version Checksum will be recalculated on next use.
[2022.03.12-21.04.24:525][  0]LogDerivedDataCache: Saved boot cache 0.41s 94MB C:/Users/Usuario/AppData/Local/UnrealEngine/4.27/DerivedDataCache/Boot.ddc.
[2022.03.12-21.04.24:526][  0]LogInit: Texture streaming: Enabled
[2022.03.12-21.04.24:690][  0]LogAnalytics: Display: [UEEditor.Rocket.Release] APIServer = https://datarouter.ol.epicgames.com/. AppVersion = 4.27.2-18319896+++UE4+Release-4.27
[2022.03.12-21.04.24:791][  0]LogEngineSessionManager: EngineSessionManager initialized
[2022.03.12-21.04.24:801][  0]LogEditorSessionSummary: Verbose: Initializing EditorSessionSummaryWriter for editor session tracking
[2022.03.12-21.04.24:823][  0]LogEditorSessionSummary: EditorSessionSummaryWriter initialized
[2022.03.12-21.04.26:076][  0]LogInit: Transaction tracking system initialized
[2022.03.12-21.04.26:831][  0]BlueprintLog: New page: Editor Load
[2022.03.12-21.04.31:336][  0]LocalizationService: Localization service is disabled
[2022.03.12-21.04.32:785][  0]TimingProfiler: Initialize
[2022.03.12-21.04.32:797][  0]TimingProfiler: OnSessionChanged
[2022.03.12-21.04.32:797][  0]LoadingProfiler: Initialize
[2022.03.12-21.04.32:798][  0]LoadingProfiler: OnSessionChanged
[2022.03.12-21.04.32:798][  0]NetworkingProfiler: Initialize
[2022.03.12-21.04.32:798][  0]NetworkingProfiler: OnSessionChanged
[2022.03.12-21.04.32:798][  0]MemoryProfiler: Initialize
[2022.03.12-21.04.32:799][  0]MemoryProfiler: OnSessionChanged
[2022.03.12-21.04.39:346][  0]LogFileCache: Scanning file cache for directory 'D:/Facultad/9no Semestre/Diseño de Videojuegos en linea/GitHub/DisviliScene/MyProject/Content/' took 0.26s
[2022.03.12-21.04.39:346][  0]LogCook: Display: CookSettings for Memory: MemoryMaxUsedVirtual 0MiB, MemoryMaxUsedPhysical 16384MiB, MemoryMinFreeVirtual 0MiB, MemoryMinFreePhysical 1024MiB
[2022.03.12-21.04.39:346][  0]LogCook: Display: Mobile HDR setting 1
[2022.03.12-21.04.50:394][  0]LogInit: Display: Engine is initialized. Leaving FEngineLoop::Init()
[2022.03.12-21.04.50:620][  0]SourceControl: Source control is disabled
[2022.03.12-21.04.50:756][  0]LogUnrealEdMisc: Loading editor; pre map load, took 113.842
[2022.03.12-21.04.51:039][  0]LightingResults: New page: Lighting Build
[2022.03.12-21.04.51:238][  0]LogWorld: UWorld::CleanupWorld for Untitled, bSessionEnded=true, bCleanupResources=true
[2022.03.12-21.04.51:464][  0]LogSlate: InvalidateAllWidgets triggered.  All widgets were invalidated
[2022.03.12-21.04.51:566][  0]MapCheck: New page: Map Check
[2022.03.12-21.04.51:566][  0]LightingResults: New page: Lighting Build
[2022.03.12-21.04.52:148][  0]LogAudio: Display: Audio Device unregistered from world 'None'.
[2022.03.12-21.04.52:571][  0]LogUObjectHash: Compacting FUObjectHashTables data took   1.88ms
[2022.03.12-21.04.58:641][  0]LogAudio: Display: Audio Device (ID: 1) registered with world 'ThirdPersonExampleMap'.
[2022.03.12-21.04.58:672][  0]LogAIModule: Creating AISystem for world ThirdPersonExampleMap
[2022.03.12-21.05.00:714][  0]LogEditorServer: Finished looking for orphan Actors (0.000 secs)
[2022.03.12-21.05.01:106][  0]LogUObjectHash: Compacting FUObjectHashTables data took   2.49ms
[2022.03.12-21.05.01:247][  0]Cmd: MAP CHECKDEP NOCLEARLOG
[2022.03.12-21.05.01:301][  0]MapCheck: Map check complete: 0 Error(s), 0 Warning(s), took 53.265ms to complete.
[2022.03.12-21.05.01:301][  0]LogFileHelpers: Loading map 'ThirdPersonExampleMap' took 10.450
[2022.03.12-21.05.03:929][  0]LogUnrealEdMisc: Total Editor Startup Time, took 127.016
[2022.03.12-21.05.07:116][  0]LogSlate: Updating window title bar state: overlay mode, drag disabled, window buttons hidden, title bar hidden
[2022.03.12-21.05.07:174][  0]LogSlate: Updating window title bar state: overlay mode, drag disabled, window buttons hidden, title bar hidden
[2022.03.12-21.05.07:182][  0]LogSlate: Updating window title bar state: overlay mode, drag disabled, window buttons hidden, title bar hidden
[2022.03.12-21.05.07:191][  0]LogSlate: Updating window title bar state: overlay mode, drag disabled, window buttons hidden, title bar hidden
[2022.03.12-21.05.09:373][  0]LogPakFile: PakFile PrimaryIndexSize=187
[2022.03.12-21.05.09:373][  0]LogPakFile: PakFile PathHashIndexSize=101
[2022.03.12-21.05.09:373][  0]LogPakFile: PakFile FullDirectoryIndexSize=148
[2022.03.12-21.05.09:373][  0]LogShaderLibrary: Display: ShaderCodeLibraryPakFileMountedCallback: PakFile 'D:/Epic Games/Unreal/UE_4.27/FeaturePacks/FP_FirstPerson.upack' (chunk index -1, root 'root:/') mounted
[2022.03.12-21.05.09:373][  0]LogShaderLibrary: Display: ShaderCodeLibraryPakFileMountedCallback: pending pak file info (ChunkID:-1 Root:root:/ File:D:/Epic Games/Unreal/UE_4.27/FeaturePacks/FP_FirstPerson.upack)
[2022.03.12-21.05.09:373][  0]LogPakFile: OnPakFileMounted2Time == 0.000073
[2022.03.12-21.05.09:578][  0]LogPakFile: PakFile PrimaryIndexSize=189
[2022.03.12-21.05.09:578][  0]LogPakFile: PakFile PathHashIndexSize=101
[2022.03.12-21.05.09:578][  0]LogPakFile: PakFile FullDirectoryIndexSize=152
[2022.03.12-21.05.09:578][  0]LogShaderLibrary: Display: ShaderCodeLibraryPakFileMountedCallback: PakFile 'D:/Epic Games/Unreal/UE_4.27/FeaturePacks/FP_FirstPersonBP.upack' (chunk index -1, root 'root:/') mounted
[2022.03.12-21.05.09:578][  0]LogShaderLibrary: Display: ShaderCodeLibraryPakFileMountedCallback: pending pak file info (ChunkID:-1 Root:root:/ File:D:/Epic Games/Unreal/UE_4.27/FeaturePacks/FP_FirstPersonBP.upack)
[2022.03.12-21.05.09:578][  0]LogPakFile: OnPakFileMounted2Time == 0.000061
[2022.03.12-21.05.09:783][  0]LogPakFile: PakFile PrimaryIndexSize=191
[2022.03.12-21.05.09:783][  0]LogPakFile: PakFile PathHashIndexSize=101
[2022.03.12-21.05.09:783][  0]LogPakFile: PakFile FullDirectoryIndexSize=160
[2022.03.12-21.05.09:783][  0]LogShaderLibrary: Display: ShaderCodeLibraryPakFileMountedCallback: PakFile 'D:/Epic Games/Unreal/UE_4.27/FeaturePacks/MobileStarterContent.upack' (chunk index -1, root 'root:/') mounted
[2022.03.12-21.05.09:783][  0]LogShaderLibrary: Display: ShaderCodeLibraryPakFileMountedCallback: pending pak file info (ChunkID:-1 Root:root:/ File:D:/Epic Games/Unreal/UE_4.27/FeaturePacks/MobileStarterContent.upack)
[2022.03.12-21.05.09:783][  0]LogPakFile: OnPakFileMounted2Time == 0.000051
[2022.03.12-21.05.09:887][  0]LogPakFile: PakFile PrimaryIndexSize=185
[2022.03.12-21.05.09:887][  0]LogPakFile: PakFile PathHashIndexSize=101
[2022.03.12-21.05.09:887][  0]LogPakFile: PakFile FullDirectoryIndexSize=148
[2022.03.12-21.05.09:887][  0]LogShaderLibrary: Display: ShaderCodeLibraryPakFileMountedCallback: PakFile 'D:/Epic Games/Unreal/UE_4.27/FeaturePacks/StarterContent.upack' (chunk index -1, root 'root:/') mounted
[2022.03.12-21.05.09:887][  0]LogShaderLibrary: Display: ShaderCodeLibraryPakFileMountedCallback: pending pak file info (ChunkID:-1 Root:root:/ File:D:/Epic Games/Unreal/UE_4.27/FeaturePacks/StarterContent.upack)
[2022.03.12-21.05.09:887][  0]LogPakFile: OnPakFileMounted2Time == 0.000054
[2022.03.12-21.05.09:914][  0]LogPakFile: PakFile PrimaryIndexSize=190
[2022.03.12-21.05.09:914][  0]LogPakFile: PakFile PathHashIndexSize=101
[2022.03.12-21.05.09:914][  0]LogPakFile: PakFile FullDirectoryIndexSize=154
[2022.03.12-21.05.09:914][  0]LogShaderLibrary: Display: ShaderCodeLibraryPakFileMountedCallback: PakFile 'D:/Epic Games/Unreal/UE_4.27/FeaturePacks/TP_2DSideScroller.upack' (chunk index -1, root 'root:/') mounted
[2022.03.12-21.05.09:914][  0]LogShaderLibrary: Display: ShaderCodeLibraryPakFileMountedCallback: pending pak file info (ChunkID:-1 Root:root:/ File:D:/Epic Games/Unreal/UE_4.27/FeaturePacks/TP_2DSideScroller.upack)
[2022.03.12-21.05.09:914][  0]LogPakFile: OnPakFileMounted2Time == 0.000052
[2022.03.12-21.05.09:924][  0]LogPakFile: PakFile PrimaryIndexSize=192
[2022.03.12-21.05.09:924][  0]LogPakFile: PakFile PathHashIndexSize=101
[2022.03.12-21.05.09:924][  0]LogPakFile: PakFile FullDirectoryIndexSize=158
[2022.03.12-21.05.09:924][  0]LogShaderLibrary: Display: ShaderCodeLibraryPakFileMountedCallback: PakFile 'D:/Epic Games/Unreal/UE_4.27/FeaturePacks/TP_2DSideScrollerBP.upack' (chunk index -1, root 'root:/') mounted
[2022.03.12-21.05.09:924][  0]LogShaderLibrary: Display: ShaderCodeLibraryPakFileMountedCallback: pending pak file info (ChunkID:-1 Root:root:/ File:D:/Epic Games/Unreal/UE_4.27/FeaturePacks/TP_2DSideScrollerBP.upack)
[2022.03.12-21.05.09:924][  0]LogPakFile: OnPakFileMounted2Time == 0.000051
[2022.03.12-21.05.09:950][  0]LogPakFile: PakFile PrimaryIndexSize=182
[2022.03.12-21.05.09:950][  0]LogPakFile: PakFile PathHashIndexSize=101
[2022.03.12-21.05.09:950][  0]LogPakFile: PakFile FullDirectoryIndexSize=138
[2022.03.12-21.05.09:950][  0]LogShaderLibrary: Display: ShaderCodeLibraryPakFileMountedCallback: PakFile 'D:/Epic Games/Unreal/UE_4.27/FeaturePacks/TP_Flying.upack' (chunk index -1, root 'root:/') mounted
[2022.03.12-21.05.09:950][  0]LogShaderLibrary: Display: ShaderCodeLibraryPakFileMountedCallback: pending pak file info (ChunkID:-1 Root:root:/ File:D:/Epic Games/Unreal/UE_4.27/FeaturePacks/TP_Flying.upack)
[2022.03.12-21.05.09:950][  0]LogPakFile: OnPakFileMounted2Time == 0.000050
[2022.03.12-21.05.09:985][  0]LogPakFile: PakFile PrimaryIndexSize=184
[2022.03.12-21.05.09:985][  0]LogPakFile: PakFile PathHashIndexSize=101
[2022.03.12-21.05.09:985][  0]LogPakFile: PakFile FullDirectoryIndexSize=142
[2022.03.12-21.05.09:985][  0]LogShaderLibrary: Display: ShaderCodeLibraryPakFileMountedCallback: PakFile 'D:/Epic Games/Unreal/UE_4.27/FeaturePacks/TP_FlyingBP.upack' (chunk index -1, root 'root:/') mounted
[2022.03.12-21.05.09:985][  0]LogShaderLibrary: Display: ShaderCodeLibraryPakFileMountedCallback: pending pak file info (ChunkID:-1 Root:root:/ File:D:/Epic Games/Unreal/UE_4.27/FeaturePacks/TP_FlyingBP.upack)
[2022.03.12-21.05.09:985][  0]LogPakFile: OnPakFileMounted2Time == 0.000061
[2022.03.12-21.05.10:109][  0]LogPakFile: PakFile PrimaryIndexSize=188
[2022.03.12-21.05.10:109][  0]LogPakFile: PakFile PathHashIndexSize=101
[2022.03.12-21.05.10:109][  0]LogPakFile: PakFile FullDirectoryIndexSize=150
[2022.03.12-21.05.10:109][  0]LogShaderLibrary: Display: ShaderCodeLibraryPakFileMountedCallback: PakFile 'D:/Epic Games/Unreal/UE_4.27/FeaturePacks/TP_HandheldARBP.upack' (chunk index -1, root 'root:/') mounted
[2022.03.12-21.05.10:109][  0]LogShaderLibrary: Display: ShaderCodeLibraryPakFileMountedCallback: pending pak file info (ChunkID:-1 Root:root:/ File:D:/Epic Games/Unreal/UE_4.27/FeaturePacks/TP_HandheldARBP.upack)
[2022.03.12-21.05.10:109][  0]LogPakFile: OnPakFileMounted2Time == 0.000113
[2022.03.12-21.05.10:218][  0]LogPakFile: PakFile PrimaryIndexSize=182
[2022.03.12-21.05.10:218][  0]LogPakFile: PakFile PathHashIndexSize=101
[2022.03.12-21.05.10:218][  0]LogPakFile: PakFile FullDirectoryIndexSize=138
[2022.03.12-21.05.10:218][  0]LogShaderLibrary: Display: ShaderCodeLibraryPakFileMountedCallback: PakFile 'D:/Epic Games/Unreal/UE_4.27/FeaturePacks/TP_Puzzle.upack' (chunk index -1, root 'root:/') mounted
[2022.03.12-21.05.10:218][  0]LogShaderLibrary: Display: ShaderCodeLibraryPakFileMountedCallback: pending pak file info (ChunkID:-1 Root:root:/ File:D:/Epic Games/Unreal/UE_4.27/FeaturePacks/TP_Puzzle.upack)
[2022.03.12-21.05.10:218][  0]LogPakFile: OnPakFileMounted2Time == 0.000051
[2022.03.12-21.05.10:255][  0]LogPakFile: PakFile PrimaryIndexSize=184
[2022.03.12-21.05.10:255][  0]LogPakFile: PakFile PathHashIndexSize=101
[2022.03.12-21.05.10:255][  0]LogPakFile: PakFile FullDirectoryIndexSize=142
[2022.03.12-21.05.10:255][  0]LogShaderLibrary: Display: ShaderCodeLibraryPakFileMountedCallback: PakFile 'D:/Epic Games/Unreal/UE_4.27/FeaturePacks/TP_PuzzleBP.upack' (chunk index -1, root 'root:/') mounted
[2022.03.12-21.05.10:255][  0]LogShaderLibrary: Display: ShaderCodeLibraryPakFileMountedCallback: pending pak file info (ChunkID:-1 Root:root:/ File:D:/Epic Games/Unreal/UE_4.27/FeaturePacks/TP_PuzzleBP.upack)
[2022.03.12-21.05.10:255][  0]LogPakFile: OnPakFileMounted2Time == 0.000053
[2022.03.12-21.05.10:360][  0]LogPakFile: PakFile PrimaryIndexSize=183
[2022.03.12-21.05.10:360][  0]LogPakFile: PakFile PathHashIndexSize=101
[2022.03.12-21.05.10:360][  0]LogPakFile: PakFile FullDirectoryIndexSize=140
[2022.03.12-21.05.10:360][  0]LogShaderLibrary: Display: ShaderCodeLibraryPakFileMountedCallback: PakFile 'D:/Epic Games/Unreal/UE_4.27/FeaturePacks/TP_Rolling.upack' (chunk index -1, root 'root:/') mounted
[2022.03.12-21.05.10:360][  0]LogShaderLibrary: Display: ShaderCodeLibraryPakFileMountedCallback: pending pak file info (ChunkID:-1 Root:root:/ File:D:/Epic Games/Unreal/UE_4.27/FeaturePacks/TP_Rolling.upack)
[2022.03.12-21.05.10:360][  0]LogPakFile: OnPakFileMounted2Time == 0.000119
[2022.03.12-21.05.10:369][  0]LogPakFile: PakFile PrimaryIndexSize=185
[2022.03.12-21.05.10:369][  0]LogPakFile: PakFile PathHashIndexSize=101
[2022.03.12-21.05.10:370][  0]LogPakFile: PakFile FullDirectoryIndexSize=144
[2022.03.12-21.05.10:370][  0]LogShaderLibrary: Display: ShaderCodeLibraryPakFileMountedCallback: PakFile 'D:/Epic Games/Unreal/UE_4.27/FeaturePacks/TP_RollingBP.upack' (chunk index -1, root 'root:/') mounted
[2022.03.12-21.05.10:370][  0]LogShaderLibrary: Display: ShaderCodeLibraryPakFileMountedCallback: pending pak file info (ChunkID:-1 Root:root:/ File:D:/Epic Games/Unreal/UE_4.27/FeaturePacks/TP_RollingBP.upack)
[2022.03.12-21.05.10:370][  0]LogPakFile: OnPakFileMounted2Time == 0.000114
[2022.03.12-21.05.10:402][  0]LogPakFile: PakFile PrimaryIndexSize=188
[2022.03.12-21.05.10:402][  0]LogPakFile: PakFile PathHashIndexSize=101
[2022.03.12-21.05.10:402][  0]LogPakFile: PakFile FullDirectoryIndexSize=150
[2022.03.12-21.05.10:402][  0]LogShaderLibrary: Display: ShaderCodeLibraryPakFileMountedCallback: PakFile 'D:/Epic Games/Unreal/UE_4.27/FeaturePacks/TP_SideScroller.upack' (chunk index -1, root 'root:/') mounted
[2022.03.12-21.05.10:402][  0]LogShaderLibrary: Display: ShaderCodeLibraryPakFileMountedCallback: pending pak file info (ChunkID:-1 Root:root:/ File:D:/Epic Games/Unreal/UE_4.27/FeaturePacks/TP_SideScroller.upack)
[2022.03.12-21.05.10:402][  0]LogPakFile: OnPakFileMounted2Time == 0.000060
[2022.03.12-21.05.10:440][  0]LogPakFile: PakFile PrimaryIndexSize=190
[2022.03.12-21.05.10:440][  0]LogPakFile: PakFile PathHashIndexSize=101
[2022.03.12-21.05.10:440][  0]LogPakFile: PakFile FullDirectoryIndexSize=154
[2022.03.12-21.05.10:440][  0]LogShaderLibrary: Display: ShaderCodeLibraryPakFileMountedCallback: PakFile 'D:/Epic Games/Unreal/UE_4.27/FeaturePacks/TP_SideScrollerBP.upack' (chunk index -1, root 'root:/') mounted
[2022.03.12-21.05.10:440][  0]LogShaderLibrary: Display: ShaderCodeLibraryPakFileMountedCallback: pending pak file info (ChunkID:-1 Root:root:/ File:D:/Epic Games/Unreal/UE_4.27/FeaturePacks/TP_SideScrollerBP.upack)
[2022.03.12-21.05.10:440][  0]LogPakFile: OnPakFileMounted2Time == 0.000053
[2022.03.12-21.05.10:470][  0]LogPakFile: PakFile PrimaryIndexSize=187
[2022.03.12-21.05.10:470][  0]LogPakFile: PakFile PathHashIndexSize=101
[2022.03.12-21.05.10:470][  0]LogPakFile: PakFile FullDirectoryIndexSize=148
[2022.03.12-21.05.10:470][  0]LogShaderLibrary: Display: ShaderCodeLibraryPakFileMountedCallback: PakFile 'D:/Epic Games/Unreal/UE_4.27/FeaturePacks/TP_ThirdPerson.upack' (chunk index -1, root 'root:/') mounted
[2022.03.12-21.05.10:471][  0]LogShaderLibrary: Display: ShaderCodeLibraryPakFileMountedCallback: pending pak file info (ChunkID:-1 Root:root:/ File:D:/Epic Games/Unreal/UE_4.27/FeaturePacks/TP_ThirdPerson.upack)
[2022.03.12-21.05.10:471][  0]LogPakFile: OnPakFileMounted2Time == 0.000088
[2022.03.12-21.05.10:487][  0]LogPakFile: PakFile PrimaryIndexSize=189
[2022.03.12-21.05.10:487][  0]LogPakFile: PakFile PathHashIndexSize=101
[2022.03.12-21.05.10:487][  0]LogPakFile: PakFile FullDirectoryIndexSize=152
[2022.03.12-21.05.10:487][  0]LogShaderLibrary: Display: ShaderCodeLibraryPakFileMountedCallback: PakFile 'D:/Epic Games/Unreal/UE_4.27/FeaturePacks/TP_ThirdPersonBP.upack' (chunk index -1, root 'root:/') mounted
[2022.03.12-21.05.10:487][  0]LogShaderLibrary: Display: ShaderCodeLibraryPakFileMountedCallback: pending pak file info (ChunkID:-1 Root:root:/ File:D:/Epic Games/Unreal/UE_4.27/FeaturePacks/TP_ThirdPersonBP.upack)
[2022.03.12-21.05.10:487][  0]LogPakFile: OnPakFileMounted2Time == 0.000051
[2022.03.12-21.05.10:514][  0]LogPakFile: PakFile PrimaryIndexSize=183
[2022.03.12-21.05.10:514][  0]LogPakFile: PakFile PathHashIndexSize=101
[2022.03.12-21.05.10:514][  0]LogPakFile: PakFile FullDirectoryIndexSize=140
[2022.03.12-21.05.10:514][  0]LogShaderLibrary: Display: ShaderCodeLibraryPakFileMountedCallback: PakFile 'D:/Epic Games/Unreal/UE_4.27/FeaturePacks/TP_TopDown.upack' (chunk index -1, root 'root:/') mounted
[2022.03.12-21.05.10:514][  0]LogShaderLibrary: Display: ShaderCodeLibraryPakFileMountedCallback: pending pak file info (ChunkID:-1 Root:root:/ File:D:/Epic Games/Unreal/UE_4.27/FeaturePacks/TP_TopDown.upack)
[2022.03.12-21.05.10:514][  0]LogPakFile: OnPakFileMounted2Time == 0.000069
[2022.03.12-21.05.10:545][  0]LogPakFile: PakFile PrimaryIndexSize=185
[2022.03.12-21.05.10:545][  0]LogPakFile: PakFile PathHashIndexSize=101
[2022.03.12-21.05.10:545][  0]LogPakFile: PakFile FullDirectoryIndexSize=144
[2022.03.12-21.05.10:545][  0]LogShaderLibrary: Display: ShaderCodeLibraryPakFileMountedCallback: PakFile 'D:/Epic Games/Unreal/UE_4.27/FeaturePacks/TP_TopDownBP.upack' (chunk index -1, root 'root:/') mounted
[2022.03.12-21.05.10:545][  0]LogShaderLibrary: Display: ShaderCodeLibraryPakFileMountedCallback: pending pak file info (ChunkID:-1 Root:root:/ File:D:/Epic Games/Unreal/UE_4.27/FeaturePacks/TP_TopDownBP.upack)
[2022.03.12-21.05.10:545][  0]LogPakFile: OnPakFileMounted2Time == 0.000051
[2022.03.12-21.05.10:637][  0]LogPakFile: PakFile PrimaryIndexSize=185
[2022.03.12-21.05.10:637][  0]LogPakFile: PakFile PathHashIndexSize=101
[2022.03.12-21.05.10:637][  0]LogPakFile: PakFile FullDirectoryIndexSize=144
[2022.03.12-21.05.10:637][  0]LogShaderLibrary: Display: ShaderCodeLibraryPakFileMountedCallback: PakFile 'D:/Epic Games/Unreal/UE_4.27/FeaturePacks/TP_TwinStick.upack' (chunk index -1, root 'root:/') mounted
[2022.03.12-21.05.10:637][  0]LogShaderLibrary: Display: ShaderCodeLibraryPakFileMountedCallback: pending pak file info (ChunkID:-1 Root:root:/ File:D:/Epic Games/Unreal/UE_4.27/FeaturePacks/TP_TwinStick.upack)
[2022.03.12-21.05.10:637][  0]LogPakFile: OnPakFileMounted2Time == 0.000052
[2022.03.12-21.05.10:700][  0]LogPakFile: PakFile PrimaryIndexSize=187
[2022.03.12-21.05.10:700][  0]LogPakFile: PakFile PathHashIndexSize=101
[2022.03.12-21.05.10:700][  0]LogPakFile: PakFile FullDirectoryIndexSize=148
[2022.03.12-21.05.10:700][  0]LogShaderLibrary: Display: ShaderCodeLibraryPakFileMountedCallback: PakFile 'D:/Epic Games/Unreal/UE_4.27/FeaturePacks/TP_TwinStickBP.upack' (chunk index -1, root 'root:/') mounted
[2022.03.12-21.05.10:700][  0]LogShaderLibrary: Display: ShaderCodeLibraryPakFileMountedCallback: pending pak file info (ChunkID:-1 Root:root:/ File:D:/Epic Games/Unreal/UE_4.27/FeaturePacks/TP_TwinStickBP.upack)
[2022.03.12-21.05.10:700][  0]LogPakFile: OnPakFileMounted2Time == 0.000050
[2022.03.12-21.05.10:771][  0]LogPakFile: PakFile PrimaryIndexSize=183
[2022.03.12-21.05.10:771][  0]LogPakFile: PakFile PathHashIndexSize=101
[2022.03.12-21.05.10:771][  0]LogPakFile: PakFile FullDirectoryIndexSize=140
[2022.03.12-21.05.10:771][  0]LogShaderLibrary: Display: ShaderCodeLibraryPakFileMountedCallback: PakFile 'D:/Epic Games/Unreal/UE_4.27/FeaturePacks/TP_Vehicle.upack' (chunk index -1, root 'root:/') mounted
[2022.03.12-21.05.10:771][  0]LogShaderLibrary: Display: ShaderCodeLibraryPakFileMountedCallback: pending pak file info (ChunkID:-1 Root:root:/ File:D:/Epic Games/Unreal/UE_4.27/FeaturePacks/TP_Vehicle.upack)
[2022.03.12-21.05.10:771][  0]LogPakFile: OnPakFileMounted2Time == 0.000051
[2022.03.12-21.05.10:808][  0]LogPakFile: PakFile PrimaryIndexSize=186
[2022.03.12-21.05.10:808][  0]LogPakFile: PakFile PathHashIndexSize=101
[2022.03.12-21.05.10:808][  0]LogPakFile: PakFile FullDirectoryIndexSize=146
[2022.03.12-21.05.10:808][  0]LogShaderLibrary: Display: ShaderCodeLibraryPakFileMountedCallback: PakFile 'D:/Epic Games/Unreal/UE_4.27/FeaturePacks/TP_VehicleAdv.upack' (chunk index -1, root 'root:/') mounted
[2022.03.12-21.05.10:808][  0]LogShaderLibrary: Display: ShaderCodeLibraryPakFileMountedCallback: pending pak file info (ChunkID:-1 Root:root:/ File:D:/Epic Games/Unreal/UE_4.27/FeaturePacks/TP_VehicleAdv.upack)
[2022.03.12-21.05.10:808][  0]LogPakFile: OnPakFileMounted2Time == 0.000053
[2022.03.12-21.05.10:848][  0]LogPakFile: PakFile PrimaryIndexSize=188
[2022.03.12-21.05.10:848][  0]LogPakFile: PakFile PathHashIndexSize=101
[2022.03.12-21.05.10:848][  0]LogPakFile: PakFile FullDirectoryIndexSize=150
[2022.03.12-21.05.10:848][  0]LogShaderLibrary: Display: ShaderCodeLibraryPakFileMountedCallback: PakFile 'D:/Epic Games/Unreal/UE_4.27/FeaturePacks/TP_VehicleAdvBP.upack' (chunk index -1, root 'root:/') mounted
[2022.03.12-21.05.10:848][  0]LogShaderLibrary: Display: ShaderCodeLibraryPakFileMountedCallback: pending pak file info (ChunkID:-1 Root:root:/ File:D:/Epic Games/Unreal/UE_4.27/FeaturePacks/TP_VehicleAdvBP.upack)
[2022.03.12-21.05.10:848][  0]LogPakFile: OnPakFileMounted2Time == 0.000054
[2022.03.12-21.05.10:961][  0]LogPakFile: PakFile PrimaryIndexSize=185
[2022.03.12-21.05.10:961][  0]LogPakFile: PakFile PathHashIndexSize=101
[2022.03.12-21.05.10:961][  0]LogPakFile: PakFile FullDirectoryIndexSize=144
[2022.03.12-21.05.10:961][  0]LogShaderLibrary: Display: ShaderCodeLibraryPakFileMountedCallback: PakFile 'D:/Epic Games/Unreal/UE_4.27/FeaturePacks/TP_VehicleBP.upack' (chunk index -1, root 'root:/') mounted
[2022.03.12-21.05.10:961][  0]LogShaderLibrary: Display: ShaderCodeLibraryPakFileMountedCallback: pending pak file info (ChunkID:-1 Root:root:/ File:D:/Epic Games/Unreal/UE_4.27/FeaturePacks/TP_VehicleBP.upack)
[2022.03.12-21.05.10:961][  0]LogPakFile: OnPakFileMounted2Time == 0.000052
[2022.03.12-21.05.10:989][  0]LogPakFile: PakFile PrimaryIndexSize=192
[2022.03.12-21.05.10:989][  0]LogPakFile: PakFile PathHashIndexSize=101
[2022.03.12-21.05.10:989][  0]LogPakFile: PakFile FullDirectoryIndexSize=158
[2022.03.12-21.05.10:989][  0]LogShaderLibrary: Display: ShaderCodeLibraryPakFileMountedCallback: PakFile 'D:/Epic Games/Unreal/UE_4.27/FeaturePacks/TP_VirtualRealityBP.upack' (chunk index -1, root 'root:/') mounted
[2022.03.12-21.05.10:990][  0]LogShaderLibrary: Display: ShaderCodeLibraryPakFileMountedCallback: pending pak file info (ChunkID:-1 Root:root:/ File:D:/Epic Games/Unreal/UE_4.27/FeaturePacks/TP_VirtualRealityBP.upack)
[2022.03.12-21.05.10:990][  0]LogPakFile: OnPakFileMounted2Time == 0.000063
[2022.03.12-21.05.17:149][  0]LogSlate: Took 0.220582 seconds to synchronously load lazily loaded font '../../../Engine/Content/Slate/Fonts/Roboto-Regular.ttf' (155K)
[2022.03.12-21.05.17:212][  0]LogSlate: Took 0.039805 seconds to synchronously load lazily loaded font '../../../Engine/Content/Editor/Slate/Fonts/FontAwesome.ttf' (139K)
[2022.03.12-21.05.17:284][  0]LogSlate: Took 0.064328 seconds to synchronously load lazily loaded font '../../../Engine/Content/Slate/Fonts/Roboto-Bold.ttf' (160K)
[2022.03.12-21.05.19:370][  0]LogRenderer: Reallocating scene render targets to support 1176x540 Format 10 NumSamples 1 (Frame:1).
[2022.03.12-21.05.21:120][  0]LogInput: Warning: Action Jump uses invalid key OculusGo_Left_Trigger_Click.
[2022.03.12-21.05.21:120][  0]LogInput: Warning: Action ResetVR uses invalid key OculusGo_Left_Trackpad_Click.
[2022.03.12-21.05.21:120][  0]LogInput: Warning: Use -RemoveInvalidKeys to remove instances of these keys from the action mapping.
[2022.03.12-21.05.21:120][  0]LogLoad: (Engine Initialization) Total time: 144.21 seconds
[2022.03.12-21.05.21:120][  0]LogLoad: (Engine Initialization) Total Blueprint compile time: 0.00 seconds
[2022.03.12-21.05.21:798][  0]LogContentStreaming: Texture pool size now 1000 MB
[2022.03.12-21.05.22:227][  1]LogAssetRegistry: Asset discovery search completed in 105.7209 seconds
[2022.03.12-21.05.22:674][  1]LogCollectionManager: Fixed up redirectors for 0 collections in 0.000009 seconds (updated 0 objects)
[2022.03.12-21.05.22:900][  2]LogNativeClassHierarchy: Verbose: Native class hierarchy populated in 0.0142 seconds. Added 3822 classes and 928 folders.
[2022.03.12-21.05.23:491][  2]LogSlate: Took 0.160188 seconds to synchronously load lazily loaded font '../../../Engine/Content/Slate/Fonts/Roboto-Light.ttf' (167K)
[2022.03.12-21.06.59:043][485]LogEditorViewport: Clicking on Actor (LMB): LightmassImportanceVolume (LightmassImportanceVolume)
[2022.03.12-21.07.01:519][732]LogEditorViewport: Clicking on Actor (LMB): PostProcessVolume (PostProcessVolume)
[2022.03.12-21.07.03:484][943]LogEditorViewport: Clicking on Actor (LMB): StaticMeshActor (Pared2)
[2022.03.12-21.07.04:459][ 21]LogEditorViewport: Clicking on Actor (LMB): BP_Sky_Sphere_C (SkySphereBlueprint)
[2022.03.12-21.12.56:343][893]LogEditorViewport: Clicking on Actor (LMB): StaticMeshActor (Floor11)
[2022.03.12-21.23.09:741][728]LogSlate: Took 0.000354 seconds to synchronously load lazily loaded font '../../../Engine/Content/Slate/Fonts/Roboto-Light.ttf' (167K)
[2022.03.12-21.23.09:791][728]LogFactory: FactoryCreateFile: StaticMesh with FbxFactory (0 0 D:\Facultad\9no Semestre\Diseño de Videojuegos en linea\Extras\Try\Pared02.obj)
[2022.03.12-21.23.09:878][728]LogFbx: Loading FBX Scene from D:\Facultad\9no Semestre\Diseño de Videojuegos en linea\Extras\Try\Pared02.obj
[2022.03.12-21.23.09:894][728]LogFbx: FBX Scene Loaded Succesfully
[2022.03.12-21.23.13:151][728]LogSlate: Window 'FBX Import Options' being destroyed
[2022.03.12-21.23.13:258][728]LogFbx: Display: Triangulating static mesh pCylinder2
[2022.03.12-21.23.13:282][728]LogStaticMesh: Building static mesh Pared02...
[2022.03.12-21.23.13:322][728]LogStaticMesh: Built static mesh [0.04s] /Game/Assets/Temp/Pared02.Pared02
[2022.03.12-21.23.13:352][728]LogStaticMesh: Warning: Pared02 has degenerate tangent bases which will result in incorrect shading.  MikkTSpace relies on tangent bases and may result in mesh corruption, consider disabling this option.
[2022.03.12-21.23.13:352][728]LogStaticMesh: Warning: Pared02 has some nearly zero bi-normals which can create some issues. (Tolerance of 1E-4)
[2022.03.12-21.23.13:460][728]FBXImport: Warning: Pared02 has degenerate tangent bases which will result in incorrect shading.  MikkTSpace relies on tangent bases and may result in mesh corruption, consider disabling this option. 
[2022.03.12-21.23.13:460][728]FBXImport: Warning: Pared02 has some nearly zero bi-normals which can create some issues. (Tolerance of 1E-4) 
[2022.03.12-21.23.13:802][728]LogSlate: Took 0.034371 seconds to synchronously load lazily loaded font '../../../Engine/Content/Slate/Fonts/DroidSansMono.ttf' (77K)
[2022.03.12-21.23.15:998][983]LogSlate: Window 'Message Log' being destroyed
[2022.03.12-21.23.16:005][983]LogSlate: Window 'Message Log' being destroyed
[2022.03.12-21.23.18:709][277]LogActorFactory: Actor Factory created Pared02
[2022.03.12-21.23.19:850][382]LogActorFactory: Actor Factory created Pared02
[2022.03.12-21.23.21:406][560]LogEditorViewport: Clicking on Actor (LMB): StaticMeshActor (Pared2)
[2022.03.12-21.23.34:481][ 15]Cmd: CAMERA ALIGN ACTIVEVIEWPORTONLY
[2022.03.12-21.23.37:065][308]Cmd: TRANSACTION UNDO
[2022.03.12-21.23.37:065][308]LogEditorTransaction: Undo Scale Actors
[2022.03.12-21.23.52:096][622]LogEditorViewport: Clicking on Actor (LMB): StaticMeshActor (Pared2)
[2022.03.12-21.24.02:299][822]Cmd: TRANSACTION UNDO
[2022.03.12-21.24.02:299][822]LogEditorTransaction: Undo Move Actors
[2022.03.12-21.24.31:553][348]LogUObjectHash: Compacting FUObjectHashTables data took   0.94ms
[2022.03.12-21.24.31:850][348]LogSavePackage: Moving '../../../../../../Facultad/9no Semestre/Diseño de Videojuegos en linea/GitHub/DisviliScene/MyProject/Saved/ThirdPersonExampleMap_Auto11A489FB0494CA90F1C61348AB3253709.tmp' to '../../../../../../Facultad/9no Semestre/Diseño de Videojuegos en linea/GitHub/DisviliScene/MyProject/Saved/Autosaves/Game/ThirdPersonBP/Maps/ThirdPersonExampleMap_Auto1.umap'
[2022.03.12-21.24.31:854][348]LogFileHelpers: Editor autosave (incl. external actors) for '/Game/ThirdPersonBP/Maps/ThirdPersonExampleMap' took 0.313
[2022.03.12-21.24.31:854][348]LogFileHelpers: Editor autosave (incl. sublevels & external actors) for all levels took 0.313
[2022.03.12-21.24.31:855][348]OBJ SavePackage: Generating thumbnails for [1] asset(s) in package [/Game/Assets/Temp/Pared02] ([1] browsable assets)...
[2022.03.12-21.24.31:873][348]OBJ SavePackage:     Rendered thumbnail for [StaticMesh /Game/Assets/Temp/Pared02.Pared02]
[2022.03.12-21.24.31:873][348]OBJ SavePackage: Finished generating thumbnails for package [/Game/Assets/Temp/Pared02]
[2022.03.12-21.24.31:950][348]LogSavePackage: Moving '../../../../../../Facultad/9no Semestre/Diseño de Videojuegos en linea/GitHub/DisviliScene/MyProject/Saved/Pared02_Auto16CA8C98D4043F9D12E3D5396869C21CC.tmp' to '../../../../../../Facultad/9no Semestre/Diseño de Videojuegos en linea/GitHub/DisviliScene/MyProject/Saved/Autosaves/Game/Assets/Temp/Pared02_Auto1.uasset'
[2022.03.12-21.24.31:953][348]LogFileHelpers: Auto-saving content packages took 0.099
[2022.03.12-21.24.49:078][743]LogEditorViewport: Clicking on Actor (LMB): StaticMeshActor (Floor11)
[2022.03.12-21.24.49:723][813]LogEditorViewport: Clicking on Actor (LMB): StaticMeshActor (Pared2)
[2022.03.12-21.25.11:937][239]Cmd: CAMERA ALIGN ACTIVEVIEWPORTONLY
[2022.03.12-21.25.31:820][557]LogEditorViewport: Clicking on Actor (LMB): StaticMeshActor (Pared2)
[2022.03.12-21.25.47:928][441]Cmd: CAMERA ALIGN ACTIVEVIEWPORTONLY
[2022.03.12-21.25.51:717][861]Cmd: TRANSACTION UNDO
[2022.03.12-21.25.51:717][861]LogEditorTransaction: Undo Move Actors
[2022.03.12-21.26.11:172][ 65]LogEditorViewport: Clicking on Actor (context menu): StaticMeshActor (Pared2)
[2022.03.12-21.26.15:447][447]Cmd: ACTOR BAKEPREPIVOT
[2022.03.12-21.26.16:319][516]LogEditorViewport: Clicking on Actor (LMB): StaticMeshActor (Cylinder4)
[2022.03.12-21.26.16:666][550]LogEditorViewport: Clicking on Actor (LMB): StaticMeshActor (Pared2)
[2022.03.12-21.26.19:529][883]Cmd: CAMERA ALIGN ACTIVEVIEWPORTONLY
[2022.03.12-21.26.49:503][278]LogEditorViewport: Clicking on Actor (LMB): StaticMeshActor (Pared02)
[2022.03.12-21.26.57:157][178]Cmd: CAMERA ALIGN ACTIVEVIEWPORTONLY
[2022.03.12-21.27.11:896][894]Cmd: CAMERA ALIGN ACTIVEVIEWPORTONLY
[2022.03.12-21.27.27:241][679]LogEditorViewport: Clicking on Actor (context menu): StaticMeshActor (Pared02)
[2022.03.12-21.27.29:850][874]Cmd: ACTOR BAKEPREPIVOT
[2022.03.12-21.27.30:879][972]LogEditorViewport: Clicking on Actor (LMB): StaticMeshActor (Cylinder2)
[2022.03.12-21.27.31:147][998]LogEditorViewport: Clicking on Actor (LMB): StaticMeshActor (Pared02)
